SF:lib/core/shared/helpers/error_messages_helper.dart
DA:16,0
DA:18,0
DA:25,0
DA:26,0
DA:28,0
DA:30,0
DA:36,0
DA:37,0
DA:39,0
DA:41,0
DA:42,0
DA:44,0
DA:46,0
DA:48,0
DA:50,0
DA:52,0
DA:54,0
DA:56,0
DA:58,0
DA:60,0
DA:62,0
DA:64,0
DA:66,0
DA:67,0
DA:69,0
DA:70,0
DA:72,0
DA:74,0
DA:76,0
DA:79,0
DA:80,0
DA:82,0
DA:84,0
DA:86,0
DA:88,0
DA:90,0
DA:92,0
DA:94,0
DA:96,0
DA:98,0
DA:100,0
DA:102,0
DA:104,0
DA:106,0
DA:108,0
DA:110,0
DA:112,0
DA:115,0
DA:116,0
DA:120,0
LF:50
LH:0
end_of_record
SF:lib/features/make_a_payment/_children/setup_payment/application/bloc/setup_payment/setup_payment_bloc.dart
DA:12,1
DA:15,1
DA:16,2
DA:17,2
DA:18,2
DA:19,2
DA:24,1
DA:28,1
DA:29,3
DA:30,2
DA:35,1
DA:39,1
DA:40,3
DA:41,1
DA:46,1
DA:50,1
DA:51,3
DA:52,1
DA:57,0
DA:61,0
DA:62,0
DA:69,0
DA:70,0
DA:71,0
DA:74,0
DA:75,0
DA:76,0
DA:79,0
DA:80,0
DA:81,0
LF:30
LH:18
end_of_record
SF:lib/core/application/bloc/navigation_drawer/navigation_drawer_bloc.dart
DA:14,0
DA:15,0
DA:16,0
DA:22,0
DA:23,0
DA:29,0
DA:30,0
DA:37,0
DA:38,0
DA:39,0
DA:41,0
DA:48,0
DA:49,0
DA:56,0
DA:57,0
DA:64,0
DA:65,0
DA:72,0
DA:73,0
DA:80,0
DA:81,0
DA:87,0
DA:88,0
DA:94,0
DA:95,0
DA:101,0
DA:102,0
DA:109,0
DA:110,0
DA:117,0
DA:118,0
DA:125,0
DA:126,0
DA:133,0
DA:134,0
DA:141,0
DA:142,0
DA:149,0
DA:150,0
DA:157,0
DA:158,0
DA:165,0
DA:166,0
LF:43
LH:0
end_of_record
SF:lib/core/shared/locator/locator.dart
DA:145,0
DA:149,0
DA:152,0
DA:153,0
DA:154,0
DA:159,0
DA:160,0
DA:161,0
DA:164,0
DA:165,0
DA:166,0
DA:173,0
DA:174,0
DA:175,0
DA:176,0
DA:181,0
DA:182,0
DA:189,0
DA:190,0
DA:191,0
DA:197,0
DA:204,0
DA:206,0
DA:210,0
DA:211,0
DA:212,0
DA:213,0
DA:214,0
DA:215,0
DA:217,0
DA:218,0
DA:219,0
DA:220,0
DA:221,0
DA:222,0
DA:223,0
DA:224,0
DA:225,0
DA:226,0
DA:227,0
DA:228,0
DA:229,0
DA:230,0
DA:231,0
DA:232,0
DA:233,0
DA:234,0
DA:237,0
DA:240,0
DA:243,0
DA:244,0
DA:245,0
DA:248,0
DA:249,0
DA:250,0
DA:251,0
DA:252,0
DA:253,0
DA:256,0
DA:257,0
DA:264,0
DA:265,0
DA:268,0
DA:269,0
DA:276,0
DA:277,0
DA:280,0
DA:281,0
DA:284,0
DA:285,0
DA:286,0
DA:291,0
DA:292,0
DA:293,0
DA:294,0
DA:295,0
DA:299,0
DA:303,0
DA:304,0
DA:306,0
DA:308,0
DA:309,0
DA:313,0
DA:316,0
DA:317,0
DA:318,0
DA:332,0
DA:333,0
DA:334,0
DA:340,0
DA:341,0
DA:342,0
DA:347,0
DA:348,0
DA:349,0
DA:352,0
DA:353,0
DA:354,0
DA:357,0
DA:358,0
DA:359,0
DA:362,0
DA:363,0
DA:365,0
DA:366,0
DA:367,0
DA:368,0
DA:369,0
DA:375,0
DA:629,0
DA:630,0
DA:631,0
DA:632,0
DA:635,0
DA:636,0
DA:637,0
DA:641,0
DA:642,0
DA:643,0
DA:644,0
DA:645,0
DA:646,0
DA:647,0
DA:651,0
DA:652,0
DA:653,0
DA:658,0
DA:659,0
DA:660,0
DA:661,0
DA:666,0
DA:667,0
DA:668,0
DA:669,0
DA:674,0
DA:675,0
DA:676,0
DA:677,0
DA:680,0
DA:681,0
DA:683,0
DA:687,0
DA:688,0
DA:689,0
DA:690,0
DA:691,0
DA:692,0
DA:697,0
DA:698,0
DA:699,0
DA:700,0
DA:705,0
DA:706,0
DA:707,0
DA:708,0
DA:713,0
DA:714,0
DA:715,0
DA:716,0
DA:721,0
DA:722,0
DA:723,0
DA:724,0
DA:729,0
DA:730,0
DA:731,0
DA:732,0
DA:735,0
DA:736,0
DA:737,0
DA:741,0
DA:742,0
DA:743,0
DA:746,0
DA:747,0
DA:748,0
DA:749,0
DA:753,0
DA:754,0
DA:757,0
DA:758,0
DA:759,0
DA:762,0
DA:763,0
DA:764,0
DA:766,0
DA:767,0
DA:768,0
DA:773,0
DA:774,0
DA:775,0
DA:776,0
DA:777,0
DA:779,0
DA:780,0
DA:783,0
DA:784,0
DA:785,0
DA:788,0
DA:789,0
DA:790,0
DA:791,0
DA:797,0
DA:798,0
DA:799,0
DA:800,0
DA:803,0
DA:804,0
DA:805,0
DA:808,0
DA:809,0
DA:810,0
DA:815,0
DA:816,0
DA:817,0
DA:818,0
DA:821,0
DA:822,0
DA:823,0
DA:826,0
DA:827,0
DA:828,0
DA:833,0
DA:838,0
DA:839,0
DA:840,0
DA:843,0
DA:844,0
DA:846,0
DA:849,0
DA:850,0
DA:851,0
DA:852,0
DA:857,0
DA:858,0
DA:859,0
DA:861,0
DA:862,0
DA:863,0
DA:866,0
DA:867,0
DA:869,0
DA:870,0
DA:873,0
DA:874,0
DA:875,0
DA:880,0
DA:881,0
DA:882,0
DA:885,0
DA:886,0
DA:888,0
DA:891,0
DA:892,0
DA:894,0
DA:899,0
DA:900,0
DA:901,0
DA:902,0
DA:905,0
DA:906,0
DA:907,0
DA:910,0
DA:911,0
DA:912,0
DA:917,0
DA:918,0
DA:919,0
DA:920,0
DA:923,0
DA:924,0
DA:926,0
DA:929,0
DA:930,0
DA:931,0
DA:932,0
DA:937,0
DA:938,0
DA:939,0
DA:940,0
DA:943,0
DA:944,0
DA:946,0
DA:949,0
DA:950,0
DA:951,0
DA:956,0
DA:959,0
DA:960,0
DA:961,0
DA:965,0
DA:966,0
DA:967,0
DA:970,0
DA:971,0
DA:972,0
DA:977,0
DA:980,0
DA:981,0
DA:982,0
DA:986,0
DA:987,0
DA:989,0
DA:992,0
DA:993,0
DA:994,0
DA:999,0
DA:1000,0
DA:1001,0
DA:1003,0
DA:1004,0
DA:1006,0
DA:1009,0
DA:1010,0
DA:1011,0
DA:1012,0
DA:1017,0
DA:1020,0
DA:1021,0
DA:1022,0
DA:1026,0
DA:1027,0
DA:1028,0
DA:1031,0
DA:1032,0
DA:1033,0
DA:1038,0
DA:1039,0
DA:1040,0
DA:1044,0
DA:1047,0
DA:1048,0
DA:1049,0
DA:1053,0
DA:1054,0
DA:1055,0
DA:1058,0
DA:1059,0
DA:1060,0
DA:1065,0
DA:1066,0
DA:1067,0
DA:1068,0
DA:1069,0
DA:1071,0
DA:1072,0
DA:1075,0
DA:1076,0
DA:1077,0
DA:1080,0
DA:1081,0
DA:1082,0
DA:1087,0
DA:1088,0
DA:1089,0
DA:1090,0
DA:1093,0
DA:1094,0
DA:1095,0
DA:1098,0
DA:1099,0
DA:1100,0
DA:1102,0
DA:1105,0
DA:1106,0
DA:1107,0
DA:1112,0
DA:1113,0
DA:1114,0
DA:1115,0
DA:1120,0
DA:1121,0
DA:1122,0
DA:1123,0
DA:1126,0
DA:1127,0
DA:1129,0
DA:1132,0
DA:1133,0
DA:1134,0
LF:380
LH:0
end_of_record
SF:lib/features/site/application/bloc/site_bloc.dart
DA:15,0
DA:18,0
DA:19,0
DA:20,0
DA:21,0
DA:22,0
DA:27,0
DA:28,0
DA:29,0
DA:30,0
DA:31,0
DA:37,0
DA:38,0
DA:39,0
DA:45,0
DA:49,0
DA:50,0
DA:51,0
DA:56,0
DA:60,0
DA:61,0
DA:62,0
DA:63,0
DA:64,0
DA:66,0
DA:67,0
DA:68,0
DA:69,0
DA:71,0
DA:72,0
DA:73,0
DA:74,0
DA:76,0
DA:78,0
DA:79,0
DA:80,0
DA:81,0
DA:82,0
DA:83,0
DA:84,0
DA:85,0
DA:86,0
DA:87,0
DA:88,0
DA:89,0
DA:90,0
DA:91,0
DA:92,0
DA:99,0
DA:103,0
DA:104,0
DA:109,0
DA:110,0
DA:113,0
DA:114,0
DA:115,0
DA:119,0
DA:120,0
DA:127,0
DA:128,0
DA:134,0
DA:138,0
DA:139,0
DA:140,0
DA:141,0
DA:142,0
DA:143,0
DA:144,0
DA:145,0
DA:146,0
DA:147,0
DA:148,0
DA:149,0
DA:150,0
DA:151,0
DA:152,0
DA:153,0
DA:154,0
DA:155,0
DA:156,0
DA:157,0
DA:158,0
DA:159,0
DA:160,0
DA:161,0
DA:162,0
DA:163,0
DA:165,0
DA:166,0
DA:168,0
DA:169,0
DA:170,0
LF:92
LH:0
end_of_record
SF:lib/features/autopay/application/bloc/autopay_settings/autopay_settings_bloc.dart
DA:20,0
DA:24,0
DA:25,0
DA:26,0
DA:27,0
DA:28,0
DA:29,0
DA:35,0
DA:41,0
DA:43,0
DA:44,0
DA:45,0
DA:46,0
DA:49,0
DA:52,0
DA:53,0
DA:54,0
DA:55,0
DA:63,0
DA:68,0
DA:70,0
DA:72,0
DA:73,0
DA:74,0
DA:75,0
DA:76,0
DA:77,0
DA:89,0
DA:94,0
DA:97,0
DA:101,0
DA:102,0
DA:103,0
DA:105,0
DA:107,0
DA:108,0
DA:112,0
DA:113,0
DA:116,0
DA:118,0
DA:120,0
DA:121,0
DA:122,0
DA:124,0
DA:128,0
DA:129,0
DA:131,0
DA:132,0
DA:133,0
DA:135,0
DA:136,0
DA:137,0
DA:138,0
DA:139,0
DA:140,0
DA:141,0
DA:142,0
DA:143,0
DA:144,0
DA:145,0
DA:148,0
DA:149,0
DA:151,0
DA:152,0
DA:153,0
DA:155,0
DA:157,0
DA:159,0
DA:160,0
DA:161,0
DA:164,0
DA:165,0
DA:167,0
DA:168,0
DA:169,0
DA:171,0
DA:173,0
DA:176,0
DA:187,0
DA:191,0
DA:192,0
DA:193,0
DA:196,0
DA:197,0
DA:198,0
DA:203,0
DA:204,0
DA:205,0
DA:208,0
DA:210,0
DA:211,0
DA:212,0
DA:213,0
DA:216,0
DA:217,0
DA:218,0
DA:219,0
DA:220,0
DA:221,0
DA:223,0
DA:225,0
DA:226,0
DA:227,0
DA:228,0
DA:229,0
DA:230,0
DA:232,0
DA:233,0
LF:108
LH:0
end_of_record
SF:lib/core/application/bloc/sign_in_dialog/sign_in_dialog_bloc.dart
DA:11,0
DA:14,0
DA:15,0
DA:16,0
DA:17,0
DA:18,0
DA:19,0
DA:24,0
DA:28,0
DA:29,0
DA:30,0
DA:35,0
DA:39,0
DA:40,0
DA:41,0
DA:46,0
DA:51,0
DA:53,0
DA:54,0
DA:60,0
DA:64,0
DA:65,0
DA:67,0
DA:68,0
DA:74,0
DA:79,0
DA:80,0
DA:82,0
DA:85,0
DA:86,0
LF:30
LH:0
end_of_record
SF:lib/core/application/bloc/user_preferences/user_preferences_bloc.dart
DA:19,0
DA:22,0
DA:23,0
DA:24,0
DA:25,0
DA:30,0
DA:34,0
DA:36,0
DA:37,0
DA:43,0
DA:44,0
DA:46,0
DA:52,0
DA:56,0
DA:57,0
DA:59,0
DA:60,0
DA:62,0
DA:65,0
DA:68,0
DA:74,0
DA:75,0
DA:77,0
DA:78,0
DA:80,0
DA:81,0
DA:83,0
DA:84,0
DA:87,0
DA:90,0
DA:92,0
DA:93,0
DA:94,0
DA:95,0
DA:101,0
DA:102,0
DA:103,0
DA:105,0
LF:38
LH:0
end_of_record
SF:lib/core/application/bloc/user_preferences/user_preferences_state.dart
DA:11,0
LF:1
LH:0
end_of_record
SF:lib/core/shared/config/scaler_config.dart
DA:6,26
DA:58,0
DA:59,0
DA:61,0
DA:64,0
DA:65,0
DA:66,0
DA:67,0
DA:68,0
DA:73,0
DA:74,0
DA:75,0
DA:76,0
DA:77,0
DA:78,0
DA:79,0
DA:80,0
DA:81,0
DA:82,0
DA:83,0
DA:84,0
DA:85,0
DA:90,0
DA:92,0
DA:93,0
DA:94,0
DA:95,0
DA:96,0
DA:97,0
DA:98,0
DA:99,0
DA:100,0
DA:103,0
LF:33
LH:1
end_of_record
SF:lib/core/shared/data/secure_storage.dart
DA:5,0
DA:11,0
DA:12,0
DA:14,0
DA:17,0
DA:20,0
DA:21,0
DA:24,0
DA:25,0
DA:28,0
DA:30,0
LF:11
LH:0
end_of_record
SF:lib/environment.dart
DA:9,26
DA:11,0
DA:12,0
DA:13,0
DA:16,0
DA:17,0
DA:18,0
DA:19,0
DA:20,0
DA:21,0
LF:10
LH:1
end_of_record
SF:lib/features/auth/sign_in/application/bloc/sign_in_bloc.dart
DA:19,0
DA:30,0
DA:31,0
DA:32,0
DA:33,0
DA:34,0
DA:54,0
DA:58,0
DA:59,0
DA:60,0
DA:63,0
DA:68,0
DA:73,0
DA:74,0
DA:75,0
DA:78,0
DA:83,0
DA:87,0
DA:92,0
DA:96,0
DA:97,0
DA:101,0
DA:109,0
DA:110,0
DA:111,0
DA:112,0
DA:113,0
DA:118,0
DA:122,0
DA:123,0
DA:124,0
DA:127,0
DA:128,0
DA:132,0
DA:133,0
DA:134,0
DA:137,0
DA:138,0
DA:139,0
DA:142,0
DA:146,0
DA:147,0
DA:148,0
DA:149,0
DA:151,0
DA:152,0
DA:156,0
DA:157,0
DA:158,0
DA:161,0
DA:162,0
DA:165,0
DA:168,0
DA:169,0
DA:171,0
DA:172,0
DA:180,0
LF:57
LH:0
end_of_record
SF:lib/core/data/models/account_type.dart
DA:12,0
DA:13,0
DA:14,0
DA:15,0
DA:26,0
DA:27,0
LF:6
LH:0
end_of_record
SF:lib/core/data/models/document_model.dart
DA:15,0
DA:16,0
DA:27,0
DA:28,0
DA:45,0
DA:46,0
LF:6
LH:0
end_of_record
SF:lib/core/data/models/document_model.g.dart
DA:9,0
DA:10,0
DA:11,0
DA:12,0
DA:13,0
DA:14,0
DA:15,0
DA:19,0
DA:20,0
DA:21,0
DA:22,0
DA:23,0
DA:26,0
DA:27,0
DA:28,0
DA:29,0
DA:30,0
DA:31,0
DA:32,0
DA:36,0
DA:37,0
DA:38,0
DA:39,0
DA:40,0
DA:43,0
DA:44,0
DA:45,0
DA:46,0
DA:47,0
DA:48,0
DA:49,0
DA:50,0
DA:52,0
DA:53,0
DA:54,0
DA:55,0
DA:56,0
DA:59,0
DA:60,0
DA:61,0
DA:62,0
DA:63,0
DA:64,0
DA:65,0
DA:66,0
DA:67,0
DA:68,0
DA:69,0
LF:48
LH:0
end_of_record
SF:lib/core/domain/document.dart
DA:2,156
DA:14,0
DA:26,0
LF:3
LH:1
end_of_record
SF:lib/core/data/models/language_model.dart
DA:41,0
DA:42,0
DA:43,0
DA:44,0
DA:47,0
DA:48,0
DA:49,0
DA:50,0
LF:8
LH:0
end_of_record
SF:lib/core/data/static_datasources/type_accounts.dart
DA:4,0
DA:5,0
DA:6,0
LF:3
LH:0
end_of_record
SF:lib/core/shared/localizations/ma_localizations.dart
DA:4,0
DA:10,0
LF:2
LH:0
end_of_record
SF:lib/core/presentation/themes/application/bloc/ma_colorpalette_bloc.dart
DA:12,0
DA:13,0
DA:14,0
DA:16,0
DA:19,0
DA:23,0
DA:24,0
DA:25,0
LF:8
LH:0
end_of_record
SF:lib/core/presentation/themes/color_palette.dart
DA:137,0
DA:139,0
LF:2
LH:0
end_of_record
SF:lib/core/presentation/themes/color_palette_light.dart
DA:257,0
DA:259,0
DA:260,0
DA:261,0
DA:262,0
DA:263,0
DA:264,0
DA:265,0
DA:266,0
DA:267,0
DA:268,0
DA:269,0
DA:270,0
DA:271,0
DA:272,0
DA:273,0
DA:274,0
DA:275,0
DA:276,0
DA:277,0
DA:278,0
DA:279,0
DA:280,0
DA:281,0
DA:282,0
DA:283,0
DA:284,0
DA:285,0
DA:286,0
DA:287,0
DA:288,0
DA:289,0
DA:290,0
DA:291,0
DA:292,0
DA:293,0
DA:294,0
DA:295,0
DA:296,0
DA:297,0
DA:298,0
DA:299,0
DA:300,0
DA:301,0
DA:302,0
DA:303,0
DA:304,0
DA:305,0
DA:306,0
DA:307,0
DA:308,0
DA:309,0
DA:310,0
DA:311,0
DA:312,0
DA:313,0
DA:314,0
DA:315,0
DA:316,0
DA:317,0
DA:318,0
DA:319,0
DA:320,0
DA:321,0
DA:322,0
DA:323,0
DA:324,0
DA:325,0
DA:326,0
DA:327,0
DA:328,0
DA:329,0
DA:330,0
DA:331,0
DA:332,0
DA:333,0
DA:334,0
DA:335,0
DA:336,0
DA:337,0
DA:338,0
DA:339,0
DA:340,0
DA:341,0
DA:342,0
DA:343,0
DA:344,0
DA:345,0
DA:346,0
DA:347,0
DA:348,0
DA:349,0
DA:350,0
DA:351,0
DA:352,0
DA:353,0
DA:354,0
DA:355,0
DA:356,0
DA:357,0
DA:358,0
DA:359,0
DA:360,0
DA:361,0
DA:362,0
DA:363,0
DA:364,0
DA:365,0
DA:366,0
DA:367,0
DA:368,0
DA:369,0
DA:370,0
DA:371,0
DA:372,0
DA:373,0
DA:374,0
DA:375,0
DA:376,0
DA:377,0
DA:378,0
DA:379,0
DA:380,0
DA:381,0
DA:382,0
DA:383,0
DA:384,0
DA:387,0
DA:388,0
DA:389,0
LF:130
LH:0
end_of_record
SF:lib/core/presentation/themes/application/bloc/ma_theme_bloc.dart
DA:11,0
DA:12,0
DA:14,0
DA:16,0
DA:19,0
DA:23,0
DA:24,0
DA:25,0
LF:8
LH:0
end_of_record
SF:lib/core/presentation/themes/ma_theme.dart
DA:4,0
DA:7,0
DA:9,0
DA:10,0
DA:12,0
DA:14,0
DA:17,0
DA:19,0
DA:20,0
DA:24,0
DA:26,0
DA:28,0
DA:31,0
DA:34,0
DA:35,0
DA:38,0
DA:40,0
DA:42,0
DA:45,0
DA:47,0
DA:48,0
DA:51,0
DA:54,0
DA:55,0
DA:58,0
DA:60,0
DA:62,0
DA:65,0
DA:67,0
DA:68,0
DA:72,0
DA:75,0
DA:77,0
DA:82,0
DA:83,0
DA:85,0
DA:87,0
DA:93,0
DA:94,0
DA:99,0
DA:100,0
DA:105,0
DA:106,0
DA:111,0
DA:112,0
DA:118,0
DA:119,0
DA:122,0
DA:123,0
DA:132,0
DA:134,0
DA:144,0
LF:52
LH:0
end_of_record
SF:lib/features/whitelabel/data/models/whitelabel_model.dart
DA:262,0
DA:263,0
LF:2
LH:0
end_of_record
SF:lib/features/whitelabel/data/models/whitelabel_model.g.dart
DA:9,0
DA:11,0
DA:12,0
DA:13,0
DA:14,0
DA:15,0
DA:16,0
DA:17,0
DA:18,0
DA:19,0
DA:20,0
DA:21,0
DA:22,0
DA:23,0
DA:24,0
DA:25,0
DA:26,0
DA:27,0
DA:28,0
DA:29,0
DA:30,0
DA:31,0
DA:32,0
DA:33,0
DA:34,0
DA:35,0
DA:36,0
DA:37,0
DA:38,0
DA:39,0
DA:40,0
DA:41,0
DA:42,0
DA:43,0
DA:44,0
DA:45,0
DA:46,0
DA:47,0
DA:48,0
DA:49,0
DA:50,0
DA:51,0
DA:52,0
DA:53,0
DA:55,0
DA:56,0
DA:57,0
DA:59,0
DA:60,0
DA:62,0
DA:64,0
DA:65,0
DA:66,0
DA:67,0
DA:68,0
DA:69,0
DA:70,0
DA:71,0
DA:72,0
DA:73,0
DA:74,0
DA:76,0
DA:77,0
DA:79,0
DA:80,0
DA:82,0
DA:84,0
DA:86,0
DA:87,0
DA:88,0
DA:90,0
DA:92,0
DA:94,0
DA:96,0
DA:98,0
DA:100,0
DA:102,0
DA:104,0
DA:106,0
DA:108,0
DA:110,0
DA:111,0
DA:112,0
DA:113,0
DA:114,0
DA:115,0
DA:116,0
DA:117,0
DA:118,0
DA:119,0
DA:120,0
DA:121,0
DA:122,0
DA:124,0
DA:126,0
DA:128,0
DA:130,0
DA:131,0
DA:133,0
DA:135,0
DA:137,0
DA:139,0
DA:141,0
DA:143,0
DA:145,0
DA:147,0
DA:149,0
DA:151,0
DA:152,0
DA:154,0
DA:155,0
DA:157,0
DA:159,0
DA:160,0
DA:162,0
DA:163,0
DA:165,0
DA:166,0
DA:167,0
DA:168,0
DA:169,0
DA:170,0
DA:171,0
DA:172,0
DA:173,0
DA:175,0
DA:177,0
DA:178,0
DA:179,0
DA:180,0
DA:181,0
DA:182,0
DA:183,0
DA:184,0
DA:185,0
DA:186,0
DA:187,0
DA:188,0
DA:189,0
DA:190,0
DA:191,0
DA:192,0
DA:193,0
DA:194,0
DA:195,0
DA:196,0
DA:197,0
DA:198,0
DA:199,0
DA:200,0
DA:201,0
DA:202,0
DA:203,0
DA:204,0
DA:205,0
DA:206,0
DA:207,0
DA:208,0
DA:209,0
DA:210,0
DA:211,0
DA:212,0
DA:213,0
DA:214,0
DA:215,0
DA:216,0
DA:217,0
DA:218,0
DA:219,0
DA:221,0
DA:222,0
DA:223,0
DA:224,0
DA:225,0
DA:227,0
DA:229,0
DA:230,0
DA:231,0
DA:232,0
DA:233,0
DA:234,0
DA:235,0
DA:236,0
DA:237,0
DA:238,0
DA:239,0
DA:241,0
DA:242,0
DA:243,0
DA:244,0
DA:246,0
DA:248,0
DA:250,0
DA:251,0
DA:252,0
DA:254,0
DA:256,0
DA:258,0
DA:260,0
DA:262,0
DA:264,0
DA:266,0
DA:268,0
DA:270,0
DA:272,0
DA:274,0
DA:275,0
DA:276,0
DA:277,0
DA:278,0
DA:279,0
DA:280,0
DA:281,0
DA:282,0
DA:283,0
DA:284,0
DA:285,0
DA:286,0
DA:288,0
DA:290,0
DA:292,0
DA:294,0
DA:295,0
DA:297,0
DA:299,0
DA:301,0
DA:303,0
DA:305,0
DA:307,0
DA:309,0
DA:311,0
DA:313,0
DA:315,0
DA:316,0
DA:317,0
DA:318,0
DA:320,0
DA:322,0
DA:323,0
DA:325,0
DA:326,0
DA:328,0
DA:329,0
DA:330,0
DA:331,0
DA:332,0
DA:333,0
DA:334,0
DA:335,0
DA:336,0
DA:338,0
DA:340,0
DA:343,0
DA:345,0
DA:346,0
DA:347,0
DA:348,0
DA:349,0
DA:350,0
DA:351,0
DA:352,0
DA:353,0
DA:354,0
DA:355,0
DA:356,0
DA:357,0
DA:358,0
DA:359,0
DA:360,0
DA:361,0
DA:362,0
DA:363,0
DA:364,0
DA:365,0
DA:366,0
DA:367,0
DA:368,0
DA:369,0
DA:370,0
DA:371,0
DA:372,0
DA:373,0
DA:374,0
DA:375,0
DA:376,0
DA:377,0
DA:378,0
DA:379,0
DA:380,0
DA:381,0
DA:382,0
DA:383,0
DA:384,0
DA:385,0
DA:386,0
DA:387,0
DA:388,0
DA:389,0
DA:390,0
DA:391,0
DA:392,0
DA:393,0
DA:394,0
DA:395,0
DA:396,0
DA:397,0
DA:398,0
DA:399,0
DA:400,0
DA:401,0
DA:402,0
DA:403,0
DA:404,0
DA:405,0
DA:406,0
DA:407,0
DA:408,0
DA:409,0
DA:411,0
DA:412,0
DA:413,0
DA:414,0
DA:415,0
DA:416,0
DA:417,0
DA:419,0
DA:421,0
DA:422,0
DA:423,0
DA:424,0
DA:426,0
DA:428,0
DA:430,0
DA:431,0
DA:432,0
DA:433,0
DA:434,0
DA:435,0
DA:436,0
DA:437,0
DA:438,0
DA:439,0
DA:440,0
DA:441,0
DA:442,0
DA:443,0
DA:445,0
DA:447,0
DA:449,0
DA:450,0
DA:452,0
DA:454,0
DA:456,0
DA:458,0
DA:459,0
DA:460,0
DA:461,0
DA:462,0
DA:463,0
DA:464,0
DA:465,0
DA:466,0
DA:467,0
DA:468,0
DA:469,0
DA:470,0
DA:471,0
DA:472,0
DA:473,0
DA:474,0
DA:475,0
DA:476,0
DA:477,0
DA:478,0
DA:479,0
DA:480,0
DA:481,0
DA:482,0
DA:483,0
DA:484,0
DA:485,0
DA:486,0
DA:487,0
DA:488,0
DA:489,0
DA:490,0
DA:491,0
DA:492,0
DA:493,0
DA:494,0
DA:495,0
DA:496,0
DA:497,0
DA:498,0
DA:499,0
DA:500,0
DA:501,0
DA:502,0
DA:503,0
DA:504,0
DA:505,0
DA:506,0
DA:507,0
DA:508,0
DA:509,0
DA:510,0
DA:511,0
DA:512,0
DA:513,0
DA:514,0
DA:515,0
DA:516,0
DA:517,0
DA:518,0
DA:519,0
DA:520,0
DA:521,0
DA:522,0
DA:523,0
DA:524,0
DA:525,0
DA:526,0
DA:527,0
DA:528,0
DA:529,0
DA:530,0
DA:531,0
DA:532,0
DA:533,0
DA:534,0
DA:535,0
DA:536,0
DA:537,0
DA:538,0
DA:539,0
DA:540,0
DA:541,0
DA:542,0
DA:543,0
DA:544,0
DA:545,0
DA:546,0
DA:547,0
DA:548,0
DA:549,0
DA:550,0
DA:551,0
DA:552,0
DA:553,0
DA:554,0
DA:556,0
DA:558,0
DA:559,0
DA:560,0
DA:561,0
DA:563,0
DA:565,0
DA:567,0
DA:568,0
DA:569,0
DA:570,0
DA:571,0
DA:572,0
DA:573,0
DA:574,0
DA:575,0
DA:576,0
DA:577,0
DA:578,0
DA:579,0
DA:580,0
DA:581,0
DA:583,0
DA:585,0
DA:586,0
DA:588,0
DA:589,0
DA:591,0
DA:593,0
DA:594,0
DA:595,0
DA:596,0
DA:597,0
DA:598,0
DA:599,0
DA:600,0
DA:601,0
DA:602,0
DA:603,0
DA:604,0
DA:605,0
DA:606,0
DA:607,0
DA:608,0
DA:609,0
DA:610,0
DA:611,0
DA:612,0
DA:613,0
DA:614,0
DA:615,0
DA:616,0
DA:617,0
DA:618,0
LF:504
LH:0
end_of_record
SF:lib/features/whitelabel/domain/entities/whitelabel.dart
DA:2,26
LF:1
LH:1
end_of_record
SF:lib/core/presentation/themes/ma_fonts.dart
DA:4,0
DA:5,0
DA:6,0
DA:10,0
DA:12,0
DA:14,0
DA:17,0
DA:19,0
DA:21,0
DA:23,0
DA:25,0
DA:27,0
DA:30,0
DA:32,0
DA:34,0
DA:36,0
DA:46,0
DA:48,0
DA:50,0
DA:60,0
LF:20
LH:0
end_of_record
SF:lib/core/presentation/widgets/buttons/ma_button_styles.dart
DA:7,0
DA:10,0
DA:11,0
DA:14,0
DA:15,0
DA:16,0
DA:17,0
DA:18,0
DA:19,0
DA:21,0
DA:24,0
DA:25,0
DA:27,0
DA:31,0
DA:32,0
DA:33,0
DA:34,0
DA:35,0
DA:37,0
DA:40,0
DA:41,0
DA:43,0
DA:44,0
DA:45,0
DA:47,0
DA:48,0
DA:50,0
DA:55,0
DA:59,0
DA:60,0
DA:61,0
DA:69,0
DA:73,0
DA:74,0
DA:75,0
DA:76,0
DA:78,0
DA:79,0
DA:84,0
DA:85,0
DA:86,0
DA:87,0
DA:89,0
DA:90,0
DA:95,0
DA:96,0
DA:97,0
DA:99,0
DA:101,0
DA:102,0
DA:103,0
DA:107,0
DA:108,0
DA:111,0
DA:112,0
DA:113,0
DA:114,0
DA:118,0
DA:119,0
DA:120,0
DA:121,0
DA:125,0
DA:126,0
DA:127,0
DA:128,0
DA:132,0
DA:133,0
DA:134,0
DA:139,0
DA:140,0
DA:141,0
DA:145,0
DA:146,0
DA:147,0
DA:148,0
LF:75
LH:0
end_of_record
SF:lib/core/presentation/widgets/buttons/ma_elevated_button.dart
DA:7,0
DA:17,0
DA:18,0
DA:20,0
DA:30,0
DA:37,0
DA:42,0
DA:51,0
DA:58,0
DA:63,0
DA:72,0
DA:79,0
DA:80,0
DA:84,0
DA:93,0
DA:100,0
DA:101,0
DA:117,0
DA:119,0
DA:120,0
DA:122,0
DA:123,0
DA:124,0
DA:125,0
DA:126,0
DA:127,0
DA:128,0
DA:129,0
DA:135,0
DA:136,0
DA:137,0
LF:31
LH:0
end_of_record
SF:lib/core/presentation/widgets/buttons/ma_popup_menu_button.dart
DA:52,0
DA:91,0
DA:99,0
DA:102,0
DA:103,0
DA:107,0
DA:108,0
DA:116,0
DA:119,0
DA:123,0
DA:125,0
DA:128,0
DA:131,0
DA:136,0
DA:137,0
DA:138,0
DA:142,0
DA:144,0
DA:147,0
DA:150,0
DA:152,0
DA:153,0
DA:155,0
DA:156,0
DA:157,0
DA:158,0
DA:160,0
DA:209,0
DA:221,0
DA:222,0
DA:296,0
DA:297,0
DA:299,0
DA:301,0
DA:327,0
DA:328,0
DA:336,0
DA:338,0
DA:340,0
DA:343,0
DA:345,0
DA:346,0
DA:347,0
DA:349,0
DA:352,0
DA:353,0
DA:354,0
DA:355,0
DA:356,0
DA:358,0
DA:359,0
DA:362,0
DA:365,0
DA:367,0
DA:368,0
DA:370,0
DA:374,0
DA:376,0
DA:377,0
DA:382,0
DA:386,0
DA:387,0
DA:388,0
DA:390,0
DA:391,0
DA:392,0
DA:393,0
DA:394,0
DA:471,0
DA:480,0
DA:499,0
DA:500,0
DA:502,0
DA:504,0
DA:512,0
DA:514,0
DA:516,0
DA:517,0
DA:518,0
DA:519,0
DA:522,0
DA:525,0
DA:526,0
DA:528,0
DA:530,0
DA:533,0
DA:535,0
DA:536,0
DA:537,0
DA:538,0
DA:539,0
DA:540,0
DA:542,0
DA:549,0
DA:562,0
DA:564,0
DA:565,0
DA:567,0
DA:568,0
DA:569,0
DA:571,0
DA:572,0
DA:573,0
DA:574,0
DA:575,0
DA:576,0
DA:578,0
DA:579,0
DA:580,0
DA:581,0
DA:582,0
DA:586,0
DA:587,0
DA:588,0
DA:589,0
DA:591,0
DA:600,0
DA:601,0
DA:603,0
DA:605,0
DA:606,0
DA:611,0
DA:613,0
DA:617,0
DA:618,0
DA:622,0
DA:628,0
DA:629,0
DA:630,0
DA:631,0
DA:632,0
DA:633,0
DA:634,0
DA:635,0
DA:636,0
DA:638,0
DA:639,0
DA:640,0
DA:641,0
DA:642,0
DA:643,0
DA:644,0
DA:645,0
DA:646,0
DA:647,0
DA:649,0
DA:650,0
DA:663,0
DA:696,0
DA:700,0
DA:701,0
DA:705,0
DA:711,0
DA:713,0
DA:714,0
DA:716,0
DA:717,0
DA:719,0
DA:720,0
DA:725,0
DA:727,0
DA:728,0
DA:730,0
DA:733,0
DA:734,0
DA:735,0
DA:736,0
DA:738,0
DA:739,0
DA:743,0
DA:744,0
DA:746,0
DA:747,0
DA:748,0
DA:749,0
DA:752,0
DA:753,0
DA:754,0
DA:755,0
DA:756,0
DA:763,0
DA:764,0
DA:765,0
DA:768,0
DA:769,0
DA:770,0
DA:771,0
DA:772,0
DA:774,0
DA:775,0
DA:776,0
DA:777,0
DA:778,0
DA:779,0
DA:780,0
DA:781,0
DA:784,0
DA:787,0
DA:792,0
DA:794,0
DA:795,0
DA:796,0
DA:797,0
DA:798,0
DA:799,0
DA:804,0
DA:818,0
DA:834,0
DA:836,0
DA:837,0
DA:843,0
DA:846,0
DA:849,0
DA:855,0
DA:859,0
DA:861,0
DA:862,0
DA:863,0
DA:869,0
DA:871,0
DA:872,0
DA:873,0
DA:875,0
DA:876,0
DA:882,0
DA:883,0
DA:884,0
DA:885,0
DA:886,0
DA:887,0
DA:889,0
DA:890,0
DA:891,0
DA:893,0
DA:900,0
DA:901,0
DA:963,0
DA:978,0
DA:979,0
DA:980,0
DA:981,0
DA:982,0
DA:984,0
DA:985,0
DA:986,0
DA:988,0
DA:989,0
DA:990,0
DA:991,0
DA:992,0
DA:996,0
DA:997,0
DA:1005,0
DA:1009,0
DA:1069,0
DA:1093,0
DA:1094,0
DA:1096,0
DA:1252,0
DA:1254,0
DA:1270,0
DA:1271,0
DA:1272,0
DA:1274,0
DA:1276,0
DA:1279,0
DA:1280,0
DA:1282,0
DA:1284,0
DA:1285,0
DA:1288,0
DA:1289,0
DA:1290,0
DA:1291,0
DA:1294,0
DA:1296,0
DA:1298,0
DA:1299,0
DA:1300,0
DA:1301,0
DA:1302,0
DA:1303,0
DA:1305,0
DA:1307,0
DA:1309,0
DA:1310,0
DA:1311,0
DA:1312,0
DA:1313,0
DA:1314,0
DA:1318,0
DA:1321,0
DA:1326,0
DA:1327,0
DA:1330,0
DA:1331,0
DA:1332,0
DA:1337,0
DA:1339,0
DA:1340,0
DA:1341,0
DA:1344,0
DA:1346,0
DA:1347,0
DA:1349,0
DA:1350,0
DA:1351,0
DA:1352,0
DA:1353,0
DA:1355,0
DA:1360,0
DA:1361,0
DA:1362,0
DA:1363,0
DA:1364,0
DA:1365,0
DA:1367,0
DA:1368,0
DA:1378,0
DA:1383,0
DA:1385,0
DA:1386,0
DA:1387,0
DA:1388,0
DA:1391,0
DA:1405,0
DA:1412,0
DA:1414,0
DA:1415,0
DA:1416,0
DA:1417,0
DA:1419,0
DA:1423,0
DA:1424,0
DA:1426,0
DA:1427,0
DA:1429,0
DA:1430,0
DA:1432,0
LF:339
LH:0
end_of_record
SF:lib/core/presentation/widgets/container_bottom_sheet.dart
DA:8,0
DA:12,0
DA:14,0
DA:15,0
DA:16,0
DA:17,0
DA:18,0
DA:21,0
DA:22,0
DA:23,0
DA:24,0
DA:25,0
DA:27,0
DA:28,0
DA:29,0
DA:30,0
DA:32,0
DA:37,0
DA:38,0
DA:39,0
LF:20
LH:0
end_of_record
SF:lib/core/presentation/widgets/relational_padding.dart
DA:5,0
DA:16,0
DA:18,0
DA:19,0
DA:20,0
DA:22,0
DA:24,0
LF:7
LH:0
end_of_record
SF:lib/core/presentation/widgets/relational_space.dart
DA:7,26
DA:11,0
DA:13,0
DA:14,0
DA:16,0
LF:5
LH:1
end_of_record
SF:lib/core/presentation/widgets/forms/new_payment_account/bloc/new_payment_account_form_bloc.dart
DA:21,0
DA:24,0
DA:25,0
DA:26,0
DA:27,0
DA:28,0
DA:29,0
DA:30,0
DA:31,0
DA:32,0
DA:33,0
DA:34,0
DA:35,0
DA:36,0
DA:37,0
DA:38,0
DA:39,0
DA:40,0
DA:41,0
DA:42,0
DA:47,0
DA:51,0
DA:52,0
DA:53,0
DA:58,0
DA:62,0
DA:63,0
DA:64,0
DA:69,0
DA:74,0
DA:75,0
DA:76,0
DA:82,0
DA:86,0
DA:87,0
DA:88,0
DA:93,0
DA:97,0
DA:98,0
DA:99,0
DA:100,0
DA:106,0
DA:110,0
DA:111,0
DA:112,0
DA:117,0
DA:121,0
DA:122,0
DA:123,0
DA:124,0
DA:130,0
DA:134,0
DA:135,0
DA:137,0
DA:142,0
DA:147,0
DA:148,0
DA:149,0
DA:150,0
DA:156,0
DA:160,0
DA:161,0
DA:162,0
DA:167,0
DA:171,0
DA:172,0
DA:173,0
DA:174,0
DA:180,0
DA:184,0
DA:185,0
DA:186,0
DA:187,0
DA:192,0
DA:196,0
DA:197,0
DA:198,0
DA:199,0
DA:200,0
DA:206,0
DA:210,0
DA:211,0
DA:215,0
DA:216,0
DA:217,0
DA:218,0
DA:219,0
DA:220,0
DA:221,0
DA:222,0
DA:223,0
DA:227,0
DA:233,0
DA:237,0
DA:238,0
DA:239,0
DA:240,0
DA:241,0
DA:242,0
DA:243,0
DA:244,0
DA:245,0
DA:246,0
DA:247,0
DA:249,0
DA:253,0
DA:257,0
DA:270,0
DA:274,0
DA:275,0
DA:276,0
LF:111
LH:0
end_of_record
SF:lib/core/shared/formz_inputs/account_number_input.dart
DA:9,234
DA:11,0
DA:13,0
DA:15,0
LF:4
LH:1
end_of_record
SF:lib/core/shared/formz_inputs/confirm_account_number_input.dart
DA:14,234
DA:16,0
DA:17,0
DA:19,0
DA:21,0
DA:25,0
DA:29,0
LF:7
LH:1
end_of_record
SF:lib/core/shared/formz_inputs/institution_number_input.dart
DA:10,234
DA:12,0
DA:14,0
DA:18,0
DA:22,0
LF:5
LH:1
end_of_record
SF:lib/core/shared/formz_inputs/name_input.dart
DA:8,286
DA:10,0
DA:12,0
DA:14,0
LF:4
LH:1
end_of_record
SF:lib/core/shared/formz_inputs/routing_number_input.dart
DA:10,234
DA:12,0
DA:14,0
DA:18,0
DA:22,0
LF:5
LH:1
end_of_record
SF:lib/core/shared/formz_inputs/transit_number_input.dart
DA:10,234
DA:12,0
DA:14,0
DA:18,0
DA:22,0
LF:5
LH:1
end_of_record
SF:lib/features/autopay/presentation/models/payment_date.dart
DA:13,0
DA:14,0
LF:2
LH:0
end_of_record
SF:lib/features/autopay/presentation/models/payment_date.g.dart
DA:9,0
DA:10,0
DA:11,0
DA:12,0
DA:15,0
DA:16,0
DA:17,0
DA:18,0
LF:8
LH:0
end_of_record
SF:lib/core/presentation/widgets/forms/new_payment_account/entities/new_payment_account.dart
DA:4,3
LF:1
LH:1
end_of_record
SF:lib/core/presentation/widgets/forms/new_payment_account/new_payment_account_form.dart
DA:27,0
DA:40,0
DA:41,0
DA:51,0
DA:53,0
DA:54,0
DA:55,0
DA:56,0
DA:57,0
DA:58,0
DA:60,0
DA:61,0
DA:62,0
DA:65,0
DA:67,0
DA:69,0
DA:70,0
DA:71,0
DA:73,0
DA:75,0
DA:76,0
DA:77,0
DA:84,0
DA:85,0
DA:86,0
DA:87,0
DA:88,0
DA:89,0
DA:90,0
DA:91,0
DA:92,0
DA:93,0
DA:95,0
DA:96,0
DA:98,0
DA:101,0
DA:102,0
DA:103,0
DA:104,0
DA:105,0
DA:106,0
DA:107,0
DA:108,0
DA:109,0
DA:110,0
DA:111,0
DA:112,0
DA:122,0
DA:123,0
DA:124,0
DA:128,0
DA:129,0
DA:131,0
DA:132,0
DA:133,0
DA:136,0
DA:137,0
DA:138,0
DA:139,0
DA:140,0
DA:141,0
DA:142,0
DA:143,0
DA:144,0
DA:145,0
DA:146,0
DA:147,0
DA:153,0
DA:154,0
DA:155,0
DA:156,0
DA:157,0
DA:159,0
DA:160,0
DA:161,0
DA:162,0
DA:163,0
DA:164,0
DA:166,0
DA:167,0
DA:169,0
DA:172,0
DA:173,0
DA:180,0
DA:181,0
DA:182,0
DA:183,0
DA:185,0
DA:186,0
DA:188,0
DA:189,0
DA:192,0
DA:193,0
DA:197,0
DA:198,0
DA:200,0
DA:201,0
DA:204,0
DA:205,0
DA:207,0
DA:208,0
DA:209,0
DA:210,0
DA:214,0
DA:217,0
DA:218,0
DA:221,0
DA:222,0
DA:224,0
DA:237,0
DA:238,0
DA:239,0
DA:240,0
DA:241,0
DA:242,0
DA:243,0
DA:244,0
DA:245,0
DA:247,0
DA:248,0
DA:249,0
DA:250,0
DA:254,0
DA:255,0
DA:257,0
DA:258,0
DA:260,0
DA:263,0
DA:264,0
DA:265,0
DA:266,0
DA:271,0
DA:273,0
DA:274,0
DA:275,0
DA:276,0
DA:277,0
DA:279,0
DA:280,0
DA:282,0
DA:283,0
DA:287,0
DA:288,0
DA:290,0
DA:291,0
DA:293,0
DA:296,0
DA:297,0
DA:298,0
DA:302,0
DA:303,0
DA:304,0
DA:305,0
DA:306,0
DA:308,0
DA:309,0
DA:311,0
DA:312,0
DA:316,0
DA:317,0
DA:319,0
DA:320,0
DA:322,0
DA:325,0
DA:326,0
DA:327,0
DA:331,0
DA:333,0
DA:334,0
DA:335,0
DA:336,0
DA:338,0
DA:339,0
DA:340,0
DA:341,0
DA:345,0
DA:346,0
DA:348,0
DA:349,0
DA:351,0
DA:352,0
DA:354,0
DA:357,0
DA:358,0
DA:362,0
DA:363,0
DA:364,0
DA:365,0
DA:366,0
DA:368,0
DA:369,0
DA:370,0
DA:371,0
DA:375,0
DA:376,0
DA:377,0
DA:379,0
DA:380,0
DA:382,0
DA:385,0
DA:386,0
DA:390,0
DA:391,0
DA:392,0
DA:393,0
DA:394,0
DA:395,0
DA:396,0
DA:398,0
DA:399,0
DA:400,0
DA:401,0
DA:402,0
DA:403,0
DA:404,0
DA:405,0
DA:406,0
DA:407,0
DA:408,0
DA:409,0
DA:410,0
DA:415,0
DA:416,0
DA:417,0
DA:418,0
DA:419,0
LF:226
LH:0
end_of_record
SF:lib/core/presentation/widgets/inputs/ma_selector_input_field.dart
DA:9,0
DA:27,0
DA:38,0
DA:40,0
DA:46,0
DA:48,0
DA:50,0
DA:52,0
DA:53,0
DA:54,0
DA:57,0
DA:58,0
DA:62,0
DA:64,0
DA:66,0
DA:67,0
DA:68,0
DA:69,0
DA:71,0
DA:72,0
DA:74,0
DA:76,0
DA:77,0
DA:78,0
DA:79,0
DA:80,0
DA:81,0
DA:86,0
DA:88,0
DA:90,0
DA:92,0
DA:96,0
DA:97,0
DA:98,0
DA:99,0
DA:100,0
DA:101,0
DA:106,0
DA:107,0
DA:108,0
DA:110,0
DA:111,0
DA:112,0
DA:113,0
DA:115,0
DA:116,0
DA:117,0
DA:122,0
DA:123,0
DA:125,0
DA:132,0
DA:133,0
DA:134,0
DA:135,0
DA:138,0
DA:139,0
DA:140,0
DA:141,0
DA:144,0
DA:146,0
DA:150,0
DA:151,0
DA:158,0
DA:160,0
DA:161,0
DA:163,0
DA:164,0
DA:165,0
DA:166,0
DA:167,0
DA:168,0
DA:169,0
DA:170,0
DA:171,0
DA:172,0
DA:173,0
DA:174,0
DA:184,0
DA:186,0
DA:187,0
DA:188,0
DA:191,0
DA:192,0
DA:193,0
DA:194,0
DA:195,0
DA:196,0
DA:199,0
DA:215,0
DA:223,0
DA:225,0
DA:232,0
DA:234,0
DA:235,0
DA:236,0
DA:240,0
DA:242,0
DA:243,0
DA:244,0
DA:245,0
DA:246,0
DA:247,0
DA:248,0
DA:250,0
DA:252,0
DA:254,0
DA:258,0
DA:259,0
DA:260,0
DA:261,0
DA:266,0
DA:267,0
DA:268,0
DA:270,0
DA:271,0
DA:272,0
DA:273,0
DA:276,0
DA:277,0
DA:279,0
DA:286,0
DA:287,0
DA:288,0
DA:289,0
DA:292,0
DA:295,0
DA:296,0
DA:300,0
DA:301,0
DA:307,0
DA:309,0
DA:310,0
DA:312,0
DA:313,0
DA:314,0
DA:315,0
DA:316,0
DA:317,0
DA:318,0
DA:319,0
DA:327,0
DA:329,0
DA:330,0
DA:331,0
DA:332,0
LF:145
LH:0
end_of_record
SF:lib/core/presentation/widgets/inputs/ma_textformfield.dart
DA:18,0
DA:43,0
DA:68,0
DA:93,0
DA:118,0
DA:143,0
DA:168,0
DA:215,0
DA:216,0
DA:243,0
DA:245,0
DA:246,0
DA:247,0
DA:248,0
DA:251,0
DA:252,0
DA:253,0
DA:254,0
DA:255,0
DA:256,0
DA:257,0
DA:259,0
DA:260,0
DA:261,0
DA:263,0
DA:268,0
DA:269,0
DA:270,0
DA:271,0
DA:272,0
DA:277,0
DA:280,0
DA:282,0
DA:283,0
DA:284,0
DA:285,0
DA:286,0
DA:289,0
DA:291,0
DA:292,0
DA:294,0
DA:297,0
DA:298,0
DA:299,0
DA:300,0
DA:301,0
DA:302,0
DA:303,0
DA:304,0
DA:305,0
DA:306,0
DA:310,0
DA:318,0
DA:319,0
DA:320,0
DA:321,0
DA:322,0
DA:323,0
DA:324,0
DA:325,0
DA:326,0
DA:327,0
DA:328,0
DA:329,0
DA:330,0
DA:331,0
DA:332,0
DA:333,0
DA:334,0
DA:338,0
DA:339,0
DA:343,0
DA:344,0
DA:345,0
DA:346,0
DA:347,0
DA:351,0
DA:352,0
DA:353,0
DA:354,0
DA:358,0
DA:359,0
DA:360,0
DA:361,0
DA:366,0
DA:367,0
DA:368,0
DA:370,0
DA:371,0
DA:373,0
DA:378,0
DA:379,0
DA:380,0
DA:381,0
DA:382,0
DA:384,0
DA:385,0
DA:386,0
DA:387,0
DA:388,0
DA:389,0
DA:390,0
DA:392,0
DA:393,0
DA:394,0
DA:395,0
DA:397,0
DA:400,0
DA:404,0
DA:405,0
DA:408,0
DA:410,0
DA:413,0
DA:417,0
DA:418,0
DA:419,0
DA:420,0
DA:422,0
DA:424,0
DA:425,0
DA:426,0
DA:428,0
DA:429,0
DA:430,0
DA:431,0
DA:432,0
DA:437,0
DA:438,0
DA:446,0
DA:447,0
DA:448,0
DA:451,0
DA:452,0
DA:453,0
LF:134
LH:0
end_of_record
SF:lib/core/presentation/widgets/spacing/ma_spacing.dart
DA:20,0
DA:29,0
DA:32,0
DA:33,0
DA:40,0
DA:43,0
DA:44,0
DA:51,0
DA:54,0
DA:55,0
DA:62,0
DA:65,0
DA:66,0
DA:73,0
DA:76,0
DA:77,0
DA:84,0
DA:87,0
DA:88,0
DA:95,0
DA:98,0
DA:99,0
DA:106,0
DA:108,0
DA:109,0
DA:110,0
DA:111,0
DA:112,0
DA:113,0
DA:114,0
DA:115,0
DA:117,0
DA:118,0
DA:119,0
DA:120,0
DA:121,0
DA:122,0
DA:123,0
DA:124,0
DA:127,0
DA:128,0
DA:133,0
LF:42
LH:0
end_of_record
SF:lib/features/autopay/presentation/widgets/check_info_image.dart
DA:9,0
DA:24,0
DA:26,0
DA:29,0
DA:30,0
DA:31,0
DA:32,0
DA:33,0
DA:34,0
DA:36,0
DA:37,0
DA:38,0
DA:39,0
DA:40,0
DA:43,0
LF:15
LH:0
end_of_record
SF:lib/features/autopay/presentation/widgets/site_address.dart
DA:11,0
DA:28,0
DA:30,0
DA:31,0
DA:32,0
DA:33,0
DA:35,0
DA:37,0
DA:38,0
DA:40,0
DA:41,0
DA:42,0
DA:43,0
DA:44,0
DA:45,0
DA:46,0
DA:47,0
DA:49,0
DA:50,0
DA:51,0
DA:54,0
DA:55,0
DA:61,0
DA:65,0
DA:66,0
DA:68,0
DA:70,0
DA:71,0
DA:72,0
DA:73,0
DA:74,0
DA:77,0
DA:78,0
DA:79,0
DA:80,0
DA:83,0
DA:84,0
DA:85,0
DA:86,0
DA:89,0
DA:90,0
DA:91,0
DA:92,0
DA:99,0
DA:105,0
DA:106,0
DA:108,0
DA:111,0
LF:48
LH:0
end_of_record
SF:lib/features/payment_account/application/bloc/payment_accounts_bloc.dart
DA:18,1
DA:21,1
DA:22,2
DA:23,2
DA:24,2
DA:25,2
DA:26,2
DA:27,2
DA:32,1
DA:36,1
DA:38,1
DA:39,3
DA:45,2
DA:47,1
DA:48,1
DA:49,1
DA:50,3
DA:55,1
DA:56,1
DA:57,3
DA:66,0
DA:70,0
DA:71,0
DA:72,0
DA:77,1
DA:81,1
DA:82,3
DA:87,1
DA:88,1
DA:89,1
DA:90,1
DA:94,2
DA:96,1
DA:97,1
DA:98,1
DA:99,3
DA:100,1
DA:104,0
DA:105,0
DA:106,0
DA:108,0
DA:110,0
DA:112,0
DA:114,0
DA:116,0
DA:119,0
DA:123,0
DA:125,0
DA:126,0
DA:127,0
DA:136,1
DA:137,3
DA:143,1
DA:147,1
DA:148,3
DA:153,1
DA:154,3
DA:155,1
DA:156,1
DA:157,1
DA:161,2
DA:163,1
DA:164,1
DA:165,1
DA:166,3
DA:167,1
DA:171,0
DA:172,0
DA:173,0
DA:175,0
DA:181,0
DA:183,0
DA:184,0
DA:186,0
DA:187,0
DA:188,0
DA:198,1
DA:202,1
DA:204,1
DA:205,3
DA:211,2
DA:213,1
DA:214,1
DA:215,1
DA:216,3
DA:217,1
DA:218,1
DA:219,1
DA:225,1
DA:226,1
DA:227,3
DA:236,0
DA:240,0
DA:241,0
LF:94
LH:64
end_of_record
SF:lib/core/shared/common/enums/api_enums.dart
DA:12,0
DA:14,0
DA:15,0
DA:16,0
DA:17,0
DA:18,0
DA:22,0
DA:23,0
DA:24,0
DA:25,0
DA:26,0
DA:27,0
DA:38,0
DA:40,0
DA:41,0
DA:42,0
DA:43,0
DA:47,0
DA:48,0
DA:49,0
DA:50,0
DA:51,0
DA:62,0
DA:64,0
DA:65,0
DA:66,0
DA:67,0
DA:71,0
DA:72,0
DA:73,0
DA:74,0
DA:75,0
DA:86,0
DA:88,0
DA:89,0
DA:90,0
DA:91,0
DA:95,0
DA:96,0
DA:97,0
DA:98,0
DA:99,0
DA:111,0
DA:113,0
DA:114,0
DA:115,0
DA:116,0
DA:117,0
DA:121,0
DA:122,0
DA:123,0
DA:124,0
DA:125,0
DA:126,0
DA:137,1
DA:139,1
DA:140,1
DA:141,0
DA:142,0
DA:146,0
DA:147,0
DA:148,0
DA:149,0
DA:150,0
DA:169,1
DA:171,1
DA:172,1
DA:173,1
DA:174,1
DA:175,0
DA:176,0
DA:177,0
DA:178,0
DA:179,0
DA:180,0
DA:181,0
DA:182,0
DA:186,0
DA:187,0
DA:188,0
DA:189,0
DA:190,0
DA:191,0
DA:192,0
DA:193,0
DA:194,0
DA:195,0
DA:196,0
DA:197,0
DA:198,0
DA:213,0
DA:215,0
DA:216,0
DA:217,0
DA:218,0
DA:219,0
DA:220,0
DA:221,0
DA:222,0
DA:226,0
DA:227,0
DA:228,0
DA:229,0
DA:230,0
DA:231,0
DA:232,0
DA:233,0
DA:234,0
DA:244,1
DA:246,1
DA:247,0
DA:248,0
DA:252,0
DA:253,0
DA:254,0
DA:255,0
DA:265,0
DA:266,0
DA:269,0
DA:270,0
DA:271,0
DA:272,0
DA:286,0
DA:288,0
DA:290,0
DA:292,0
DA:294,0
DA:296,0
DA:299,0
DA:303,0
DA:304,0
DA:305,0
DA:306,0
DA:307,0
DA:308,0
DA:309,0
LF:136
LH:10
end_of_record
SF:lib/core/shared/config/source_info.dart
DA:4,0
DA:10,0
DA:11,0
LF:3
LH:0
end_of_record
SF:lib/features/make_a_payment/data/repositories/make_a_payment_repository_impl.dart
DA:20,0
DA:26,0
DA:33,0
DA:37,0
DA:38,0
DA:39,0
DA:40,0
DA:41,0
DA:42,0
DA:43,0
DA:44,0
DA:52,0
DA:57,0
DA:61,0
DA:62,0
DA:63,0
DA:64,0
DA:65,0
DA:66,0
DA:67,0
DA:68,0
DA:72,0
DA:76,0
DA:81,0
DA:85,0
DA:86,0
DA:87,0
DA:88,0
DA:89,0
DA:90,0
DA:91,0
DA:92,0
DA:96,0
DA:101,0
DA:103,0
DA:105,0
DA:106,0
DA:107,0
DA:110,0
DA:125,0
DA:129,0
DA:132,0
DA:135,0
DA:144,0
DA:145,0
DA:146,0
DA:147,0
DA:148,0
DA:149,0
DA:153,0
DA:154,0
DA:158,0
DA:165,0
DA:172,0
DA:187,0
DA:199,0
DA:200,0
DA:201,0
DA:202,0
DA:212,0
DA:225,0
DA:228,0
DA:229,0
DA:230,0
DA:231,0
DA:235,0
DA:236,0
DA:237,0
DA:238,0
DA:248,0
DA:262,0
DA:265,0
DA:266,0
DA:267,0
DA:268,0
DA:272,0
DA:273,0
DA:274,0
DA:275,0
DA:285,0
DA:302,0
DA:303,0
DA:304,0
DA:305,0
DA:306,0
DA:317,0
DA:331,0
DA:334,0
DA:335,0
DA:336,0
DA:339,0
DA:342,0
DA:345,0
DA:346,0
DA:347,0
DA:349,0
DA:350,0
DA:363,1
DA:372,0
LF:99
LH:1
end_of_record
SF:lib/core/shared/extensions/response_extensions.dart
DA:4,16
DA:5,0
DA:6,0
DA:7,0
LF:4
LH:1
end_of_record
SF:lib/core/shared/extensions/site_extensions.dart
DA:4,0
DA:6,0
DA:8,0
DA:10,0
DA:11,0
DA:12,0
DA:13,0
DA:14,0
DA:15,0
LF:9
LH:0
end_of_record
SF:lib/core/shared/extensions/string_extensions.dart
DA:2,0
DA:8,0
DA:9,0
DA:13,0
DA:14,0
DA:15,0
DA:19,0
DA:21,0
DA:23,0
DA:30,0
DA:32,0
DA:33,0
DA:34,0
DA:35,0
DA:39,0
DA:40,0
DA:44,0
DA:45,0
DA:46,0
DA:47,0
DA:49,0
DA:50,0
DA:51,0
DA:54,0
DA:56,0
LF:25
LH:0
end_of_record
SF:lib/core/shared/failure/failure.dart
DA:2,9
LF:1
LH:1
end_of_record
SF:lib/core/shared/formz_inputs/address_input.dart
DA:8,52
DA:9,0
DA:11,0
DA:13,0
LF:4
LH:1
end_of_record
SF:lib/core/shared/formz_inputs/city_input.dart
DA:8,52
DA:9,0
DA:11,0
DA:13,0
LF:4
LH:1
end_of_record
SF:lib/core/shared/formz_inputs/confirm_new_password_input.dart
DA:13,52
DA:15,0
DA:16,0
DA:18,0
DA:20,0
DA:24,0
LF:6
LH:1
end_of_record
SF:lib/core/shared/formz_inputs/password_input.dart
DA:12,156
DA:13,0
DA:15,0
DA:17,0
DA:24,0
DA:28,0
DA:34,0
DA:35,0
DA:37,0
DA:39,0
LF:10
LH:1
end_of_record
SF:lib/core/shared/formz_inputs/confirm_password_input.dart
DA:9,52
DA:10,0
DA:12,0
DA:14,0
LF:4
LH:1
end_of_record
SF:lib/core/shared/formz_inputs/dollar_input.dart
DA:10,156
DA:12,0
DA:14,2
DA:15,1
DA:19,1
DA:21,1
DA:25,1
DA:27,1
DA:28,1
DA:29,1
DA:30,1
DA:31,1
DA:39,0
DA:40,0
DA:44,0
DA:46,0
DA:47,0
DA:50,0
DA:51,0
DA:52,0
DA:55,0
LF:21
LH:11
end_of_record
SF:lib/core/shared/formz_inputs/email_input.dart
DA:9,260
DA:10,3
DA:12,3
DA:22,1
DA:24,1
DA:28,2
LF:6
LH:6
end_of_record
SF:lib/core/shared/formz_inputs/phone_input.dart
DA:8,235
DA:9,27
DA:11,1
DA:15,3
LF:4
LH:4
end_of_record
SF:lib/core/shared/formz_inputs/postal_code_input.dart
DA:9,52
DA:10,0
DA:12,0
DA:16,0
DA:20,0
LF:5
LH:1
end_of_record
SF:lib/core/shared/formz_inputs/login_password_input.dart
DA:9,52
DA:10,0
DA:12,0
DA:14,0
LF:4
LH:1
end_of_record
SF:lib/core/shared/formz_inputs/username_input.dart
DA:8,52
DA:9,0
DA:11,0
DA:13,0
LF:4
LH:1
end_of_record
SF:lib/core/shared/helpers/file_converter.dart
DA:7,0
DA:9,0
DA:10,0
DA:11,0
LF:4
LH:0
end_of_record
SF:lib/core/shared/helpers/loan_name_helper.dart
DA:6,0
DA:8,0
DA:12,0
DA:15,0
DA:18,0
DA:19,0
DA:20,0
DA:21,0
DA:22,0
DA:23,0
DA:24,0
DA:30,0
DA:31,0
DA:32,0
DA:33,0
DA:34,0
DA:35,0
DA:36,0
LF:18
LH:0
end_of_record
SF:lib/features/user/domain/entities/user.dart
DA:5,26
DA:50,26
DA:89,26
DA:143,26
DA:164,26
DA:203,26
DA:218,0
DA:236,26
DA:275,26
DA:296,26
LF:10
LH:9
end_of_record
SF:lib/core/shared/helpers/ma_validation_helper.dart
DA:4,0
DA:5,0
DA:16,0
DA:18,0
DA:21,0
DA:22,0
DA:29,0
DA:33,0
DA:39,0
DA:40,0
DA:42,0
DA:44,0
DA:49,0
DA:50,0
DA:51,0
DA:52,0
DA:59,0
DA:60,0
DA:61,0
DA:65,0
DA:66,0
DA:68,0
DA:69,0
DA:72,0
DA:73,0
DA:78,0
DA:80,0
LF:27
LH:0
end_of_record
SF:lib/core/shared/helpers/number_formatter_helper.dart
DA:4,0
LF:1
LH:0
end_of_record
SF:lib/core/shared/network/network_wrapper.dart
DA:11,0
DA:19,0
DA:20,0
DA:21,0
DA:22,0
DA:26,0
DA:29,0
DA:30,0
DA:33,0
DA:34,0
DA:36,0
DA:37,0
DA:41,0
DA:42,0
DA:45,0
DA:46,0
DA:48,0
DA:52,0
DA:57,0
DA:65,0
DA:68,0
DA:71,0
DA:74,0
DA:78,0
DA:82,0
DA:83,0
DA:86,0
DA:87,0
DA:88,0
DA:94,0
DA:100,0
LF:31
LH:0
end_of_record
SF:lib/core/shared/relational_space_calculation.dart
DA:5,0
DA:7,0
DA:11,0
DA:12,0
DA:13,0
DA:14,0
DA:17,0
DA:20,0
DA:23,0
DA:26,0
LF:10
LH:0
end_of_record
SF:lib/features/announcements/application/bloc/announcements_bloc.dart
DA:12,1
DA:15,1
DA:16,2
DA:17,2
DA:22,1
DA:26,4
DA:27,2
DA:28,1
DA:31,2
DA:33,1
DA:34,1
DA:35,1
DA:36,3
DA:37,1
DA:38,1
DA:43,1
DA:44,1
DA:45,1
DA:46,1
DA:47,3
DA:48,1
DA:49,1
DA:55,1
DA:56,2
DA:57,0
DA:59,0
DA:60,0
DA:66,1
DA:68,1
DA:69,3
DA:71,1
DA:82,1
DA:86,3
DA:88,1
DA:89,3
DA:91,2
DA:93,1
DA:94,1
DA:95,1
DA:96,3
DA:97,1
DA:98,1
DA:104,1
DA:105,2
DA:106,0
DA:108,0
DA:109,0
DA:115,1
DA:116,3
DA:118,1
LF:50
LH:44
end_of_record
SF:lib/features/announcements/data/datasources/announcements_api_datasource.dart
DA:7,1
DA:13,1
DA:17,2
DA:19,1
DA:24,1
DA:25,1
DA:26,4
DA:30,0
LF:8
LH:7
end_of_record
SF:lib/features/announcements/data/datasources/announcements_prefs_datasource.dart
DA:6,1
DA:12,1
DA:14,2
DA:16,1
DA:17,1
DA:20,2
DA:26,1
DA:28,2
DA:30,1
LF:9
LH:9
end_of_record
SF:lib/features/announcements/data/repositories/announcements_repository_impl.dart
DA:9,1
DA:20,1
DA:26,2
DA:28,1
DA:30,2
DA:34,1
DA:37,3
DA:39,1
DA:40,1
DA:45,1
DA:47,2
LF:11
LH:11
end_of_record
SF:lib/features/auth/sign_in/application/bloc/sign_in_validations_bloc.dart
DA:13,0
DA:16,0
DA:17,0
DA:18,0
DA:19,0
DA:20,0
DA:21,0
DA:26,0
DA:30,0
DA:31,0
DA:32,0
DA:37,0
DA:41,0
DA:42,0
DA:43,0
DA:48,0
DA:53,0
DA:54,0
DA:56,0
DA:57,0
DA:63,0
DA:67,0
DA:68,0
DA:69,0
DA:70,0
DA:76,0
DA:80,0
DA:81,0
DA:86,0
DA:87,0
DA:89,0
DA:90,0
DA:92,0
DA:93,0
LF:34
LH:0
end_of_record
SF:lib/features/auth/sign_in/data/datasources/login_api_datasource.dart
DA:7,0
DA:13,0
DA:19,0
DA:21,0
DA:27,0
DA:28,0
DA:31,0
LF:7
LH:0
end_of_record
SF:lib/features/auth/sign_in/data/repositories/login_repository_impl.dart
DA:8,0
DA:14,0
DA:20,0
DA:21,0
DA:23,0
DA:24,0
LF:6
LH:0
end_of_record
SF:lib/features/autopay/application/bloc/autopay/autopay_bloc.dart
DA:22,0
DA:25,0
DA:26,0
DA:27,0
DA:28,0
DA:29,0
DA:30,0
DA:31,0
DA:32,0
DA:33,0
DA:34,0
DA:35,0
DA:36,0
DA:37,0
DA:38,0
DA:39,0
DA:40,0
DA:41,0
DA:42,0
DA:43,0
DA:44,0
DA:45,0
DA:46,0
DA:47,0
DA:48,0
DA:49,0
DA:50,0
DA:51,0
DA:52,0
DA:53,0
DA:54,0
DA:55,0
DA:56,0
DA:57,0
DA:58,0
DA:59,0
DA:64,0
DA:66,0
DA:69,0
DA:73,0
DA:74,0
DA:75,0
DA:80,0
DA:84,0
DA:85,0
DA:86,0
DA:91,0
DA:95,0
DA:96,0
DA:97,0
DA:102,0
DA:107,0
DA:108,0
DA:109,0
DA:115,0
DA:119,0
DA:120,0
DA:121,0
DA:126,0
DA:130,0
DA:131,0
DA:132,0
DA:133,0
DA:134,0
DA:135,0
DA:140,0
DA:144,0
DA:145,0
DA:146,0
DA:147,0
DA:153,0
DA:157,0
DA:158,0
DA:159,0
DA:164,0
DA:168,0
DA:169,0
DA:170,0
DA:171,0
DA:177,0
DA:181,0
DA:182,0
DA:184,0
DA:189,0
DA:194,0
DA:195,0
DA:196,0
DA:197,0
DA:203,0
DA:207,0
DA:208,0
DA:209,0
DA:214,0
DA:218,0
DA:219,0
DA:220,0
DA:221,0
DA:227,0
DA:231,0
DA:232,0
DA:233,0
DA:234,0
DA:239,0
DA:243,0
DA:244,0
DA:245,0
DA:246,0
DA:247,0
DA:253,0
DA:257,0
DA:258,0
DA:259,0
DA:260,0
DA:261,0
DA:262,0
DA:263,0
DA:264,0
DA:265,0
DA:267,0
DA:271,0
DA:275,0
DA:276,0
DA:277,0
DA:278,0
DA:279,0
DA:280,0
DA:281,0
DA:282,0
DA:283,0
DA:284,0
DA:285,0
DA:287,0
DA:291,0
DA:295,0
DA:298,0
DA:302,0
DA:303,0
DA:304,0
DA:311,0
DA:315,0
DA:316,0
DA:317,0
DA:322,0
DA:326,0
DA:327,0
DA:328,0
DA:329,0
DA:335,0
DA:339,0
DA:340,0
DA:341,0
DA:346,0
DA:350,0
DA:351,0
DA:352,0
DA:357,0
DA:361,0
DA:362,0
DA:366,0
DA:370,0
DA:371,0
DA:372,0
DA:377,0
DA:381,0
DA:394,0
DA:398,0
DA:401,0
DA:405,0
DA:408,0
DA:412,0
LF:170
LH:0
end_of_record
SF:lib/features/autopay/data/datasources/autopay_settings_api_datasource.dart
DA:8,0
DA:14,0
DA:19,0
DA:20,0
DA:22,0
DA:24,0
DA:28,0
DA:34,0
DA:40,0
DA:42,0
DA:46,0
LF:11
LH:0
end_of_record
SF:lib/features/autopay/data/repositories/autopay_settings_repository_impl.dart
DA:9,0
DA:15,0
DA:20,0
DA:23,0
DA:25,0
DA:26,0
DA:31,0
DA:34,0
DA:37,0
DA:39,0
DA:40,0
LF:11
LH:0
end_of_record
SF:lib/features/billing_settings/application/bloc/bill_delivery_state.dart
DA:31,0
DA:33,0
DA:35,0
DA:37,0
DA:48,0
DA:49,0
DA:50,0
LF:7
LH:0
end_of_record
SF:lib/features/billing_settings/application/bloc/bill_delivery_bloc.dart
DA:15,1
DA:20,1
DA:21,2
DA:22,2
DA:23,2
DA:24,2
DA:25,2
DA:26,2
DA:27,2
DA:28,2
DA:29,2
DA:30,2
DA:31,2
DA:37,1
DA:41,1
DA:42,3
DA:43,1
DA:48,1
DA:52,1
DA:53,3
DA:54,2
DA:59,1
DA:64,9
DA:65,1
DA:66,3
DA:72,0
DA:76,0
DA:77,0
DA:78,0
DA:83,0
DA:87,0
DA:88,0
DA:89,0
DA:94,1
DA:99,9
DA:100,1
DA:101,3
DA:107,0
DA:111,0
DA:112,0
DA:113,0
DA:114,0
DA:115,0
DA:120,0
DA:124,0
DA:125,0
DA:126,0
DA:131,1
DA:135,2
DA:136,1
DA:137,2
DA:138,0
DA:139,0
DA:140,0
DA:146,0
DA:147,0
DA:148,0
DA:149,0
DA:151,0
DA:157,1
DA:158,1
DA:159,3
DA:160,2
DA:167,0
DA:168,0
DA:169,0
DA:170,0
DA:171,0
DA:177,0
DA:178,0
DA:179,0
DA:180,0
DA:187,0
DA:188,0
DA:189,0
DA:190,0
DA:197,0
DA:198,0
DA:199,0
DA:200,0
DA:201,0
DA:203,0
DA:208,0
DA:209,0
DA:210,0
DA:211,0
DA:213,0
DA:219,0
DA:220,0
DA:221,0
DA:222,0
DA:232,0
DA:236,0
DA:237,0
DA:238,0
DA:239,0
DA:240,0
DA:246,0
DA:247,0
DA:248,0
DA:249,0
DA:251,0
DA:255,0
DA:256,0
DA:257,0
DA:258,0
DA:259,0
DA:266,0
DA:267,0
DA:271,0
DA:275,0
DA:276,0
DA:283,0
DA:284,0
DA:285,0
DA:286,0
DA:288,0
DA:290,0
DA:293,0
DA:294,0
DA:295,0
DA:302,0
DA:303,0
DA:304,0
DA:307,0
DA:313,0
DA:314,0
DA:320,0
DA:322,0
DA:323,0
DA:324,0
DA:325,0
DA:328,0
DA:329,0
DA:330,0
DA:336,0
DA:337,0
LF:137
LH:37
end_of_record
SF:lib/features/billing_settings/data/datasources/billing_settings_api_datasource.dart
DA:7,1
DA:13,1
DA:16,2
DA:18,1
DA:21,1
DA:25,0
LF:6
LH:5
end_of_record
SF:lib/features/billing_settings/data/repositories/billing_settings_repository_impl.dart
DA:10,1
DA:16,1
DA:20,2
DA:22,2
DA:23,1
DA:24,0
DA:25,0
DA:26,0
DA:27,0
DA:28,0
DA:30,0
DA:34,1
DA:35,1
LF:13
LH:7
end_of_record
SF:lib/features/bills_and_payments/application/bloc/billings_bloc.dart
DA:14,1
DA:17,1
DA:18,2
DA:19,2
DA:20,2
DA:25,1
DA:29,1
DA:30,1
DA:32,1
DA:33,3
DA:38,2
DA:41,1
DA:42,1
DA:43,1
DA:44,3
DA:49,1
DA:50,1
DA:51,3
DA:60,0
DA:64,0
DA:65,0
DA:71,0
DA:73,0
DA:74,0
DA:75,0
DA:76,0
DA:81,0
DA:82,0
DA:83,0
DA:86,0
DA:93,0
DA:97,0
DA:98,0
LF:33
LH:18
end_of_record
SF:lib/features/bills_and_payments/application/bloc/payments_bloc.dart
DA:12,0
DA:15,0
DA:16,0
DA:17,0
DA:22,0
DA:26,0
DA:27,0
DA:33,0
DA:35,0
DA:36,0
DA:37,0
DA:38,0
DA:43,0
DA:44,0
DA:45,0
DA:54,0
DA:58,0
DA:59,0
LF:18
LH:0
end_of_record
SF:lib/features/bills_and_payments/data/datasources/billings_api_datasource.dart
DA:9,0
DA:15,0
DA:21,0
DA:22,0
DA:23,0
DA:24,0
DA:25,0
DA:27,0
DA:30,0
DA:36,0
DA:41,0
DA:42,0
DA:43,0
DA:46,0
DA:47,0
DA:51,0
LF:16
LH:0
end_of_record
SF:lib/features/bills_and_payments/data/datasources/payments_api_datasource.dart
DA:7,0
DA:13,0
DA:16,0
DA:17,0
DA:19,0
DA:20,0
DA:21,0
DA:23,0
DA:26,0
LF:9
LH:0
end_of_record
SF:lib/features/bills_and_payments/data/repositories/billings_repository_impl.dart
DA:11,1
DA:17,1
DA:23,2
DA:27,1
DA:29,1
DA:30,1
DA:35,0
DA:38,0
DA:39,0
DA:41,0
DA:43,0
DA:45,0
DA:46,0
LF:13
LH:6
end_of_record
SF:lib/features/bills_and_payments/data/repositories/payments_repository_impl.dart
DA:8,0
DA:14,0
DA:18,0
DA:19,0
DA:21,0
DA:22,0
LF:6
LH:0
end_of_record
SF:lib/features/biometric_sign_in/application/bloc/biometric_authentication_bloc.dart
DA:12,0
DA:13,0
DA:14,0
DA:15,0
DA:16,0
DA:21,0
DA:25,0
DA:30,0
DA:31,0
DA:34,0
DA:37,0
DA:47,0
DA:48,0
DA:55,0
DA:59,0
DA:60,0
DA:61,0
DA:68,0
DA:72,0
DA:73,0
DA:79,0
DA:83,0
DA:84,0
LF:23
LH:0
end_of_record
SF:lib/features/company_content/application/bloc/company_content_bloc.dart
DA:13,0
DA:17,0
DA:18,0
DA:19,0
DA:20,0
DA:25,0
DA:29,0
DA:30,0
DA:31,0
DA:32,0
DA:35,0
DA:36,0
DA:37,0
DA:39,0
DA:40,0
DA:41,0
DA:47,0
DA:51,0
DA:52,0
DA:53,0
DA:54,0
DA:57,0
DA:58,0
DA:59,0
DA:61,0
DA:62,0
DA:63,0
DA:64,0
LF:28
LH:0
end_of_record
SF:lib/features/company_content/data/datasources/company_content_api_datasource.dart
DA:8,0
DA:14,0
DA:20,0
DA:21,0
DA:22,0
DA:25,0
LF:6
LH:0
end_of_record
SF:lib/features/company_content/data/repositories/company_content_repository_impl.dart
DA:9,0
DA:15,0
DA:21,0
DA:23,0
DA:24,0
DA:25,0
DA:27,0
DA:29,0
LF:8
LH:0
end_of_record
SF:lib/features/contact_information/application/bloc/contact_information_edit/contact_information_edit_bloc.dart
DA:26,0
DA:35,0
DA:39,0
DA:44,0
DA:45,0
DA:46,0
DA:47,0
DA:48,0
DA:49,0
DA:50,0
DA:51,0
DA:52,0
DA:53,0
DA:54,0
DA:55,0
DA:56,0
DA:57,0
DA:58,0
DA:59,0
DA:60,0
DA:65,0
DA:66,0
DA:67,0
DA:68,0
DA:69,0
DA:70,0
DA:71,0
DA:72,0
DA:73,0
DA:74,0
DA:75,0
DA:80,0
DA:81,0
DA:82,0
DA:83,0
DA:91,0
DA:95,0
DA:97,0
DA:98,0
DA:99,0
DA:100,0
DA:101,0
DA:102,0
DA:103,0
DA:104,0
DA:105,0
DA:107,0
DA:108,0
DA:109,0
DA:110,0
DA:122,0
DA:123,0
DA:124,0
DA:125,0
DA:126,0
DA:128,0
DA:129,0
DA:130,0
DA:131,0
DA:145,0
DA:149,0
DA:150,0
DA:151,0
DA:156,0
DA:160,0
DA:161,0
DA:162,0
DA:163,0
DA:164,0
DA:165,0
DA:174,0
DA:178,0
DA:179,0
DA:180,0
DA:185,0
DA:189,0
DA:190,0
DA:191,0
DA:196,0
DA:200,0
DA:201,0
DA:202,0
DA:207,0
DA:211,0
DA:212,0
DA:213,0
DA:214,0
DA:215,0
DA:216,0
DA:222,0
DA:226,0
DA:227,0
DA:228,0
DA:229,0
DA:230,0
DA:236,0
DA:241,0
DA:242,0
DA:243,0
DA:249,0
DA:253,0
DA:254,0
DA:255,0
DA:260,0
DA:264,0
DA:265,0
DA:266,0
DA:267,0
DA:273,0
DA:277,0
DA:278,0
DA:279,0
DA:284,0
DA:288,0
DA:289,0
DA:290,0
DA:291,0
DA:297,0
DA:301,0
DA:302,0
DA:303,0
DA:308,0
DA:312,0
DA:313,0
DA:314,0
DA:319,0
DA:323,0
DA:324,0
DA:325,0
DA:330,0
DA:334,0
DA:335,0
DA:336,0
DA:342,0
DA:346,0
DA:347,0
DA:348,0
DA:353,0
DA:357,0
DA:358,0
DA:359,0
DA:366,0
DA:370,0
DA:371,0
DA:372,0
DA:373,0
DA:375,0
DA:388,0
DA:392,0
DA:393,0
DA:394,0
DA:401,0
DA:405,0
DA:406,0
DA:407,0
DA:408,0
DA:414,0
DA:418,0
DA:419,0
DA:420,0
DA:421,0
DA:427,0
DA:432,0
DA:433,0
DA:434,0
DA:440,0
DA:444,0
DA:445,0
DA:446,0
DA:447,0
DA:453,0
DA:457,0
DA:458,0
DA:459,0
DA:460,0
DA:466,0
DA:472,0
DA:473,0
DA:474,0
DA:475,0
DA:476,0
DA:477,0
DA:478,0
DA:480,0
DA:481,0
DA:482,0
DA:483,0
DA:484,0
DA:485,0
DA:486,0
DA:487,0
DA:488,0
DA:489,0
DA:490,0
DA:491,0
DA:492,0
DA:493,0
DA:496,0
DA:497,0
DA:503,0
DA:507,0
DA:508,0
DA:509,0
DA:510,0
DA:511,0
DA:514,0
DA:517,0
DA:524,0
DA:528,0
DA:529,0
DA:530,0
DA:531,0
DA:533,0
DA:534,0
DA:535,0
DA:536,0
DA:542,0
DA:544,0
DA:546,0
DA:547,0
DA:548,0
DA:555,0
DA:556,0
DA:557,0
DA:560,0
DA:563,0
DA:571,0
DA:575,0
DA:576,0
DA:583,0
DA:584,0
DA:585,0
DA:586,0
DA:587,0
DA:588,0
DA:590,0
DA:591,0
DA:592,0
DA:593,0
DA:596,0
DA:597,0
DA:598,0
DA:599,0
DA:600,0
DA:610,0
DA:612,0
DA:613,0
DA:614,0
DA:615,0
DA:618,0
DA:619,0
DA:620,0
DA:626,0
DA:630,0
DA:631,0
DA:636,0
DA:637,0
DA:638,0
DA:639,0
DA:641,0
DA:645,0
DA:646,0
DA:647,0
DA:648,0
DA:651,0
DA:652,0
DA:653,0
DA:659,0
DA:663,0
DA:664,0
DA:669,0
DA:670,0
DA:671,0
DA:674,0
DA:675,0
DA:676,0
DA:677,0
DA:680,0
DA:681,0
DA:682,0
DA:688,0
DA:692,0
DA:693,0
DA:698,0
DA:699,0
DA:700,0
DA:703,0
DA:704,0
DA:705,0
DA:706,0
DA:709,0
DA:710,0
DA:711,0
LF:293
LH:0
end_of_record
SF:lib/features/contact_information/data/datasources/contact_information_api_datasource.dart
DA:9,0
DA:14,0
DA:17,0
DA:19,0
DA:22,0
DA:26,0
DA:32,0
DA:36,0
DA:38,0
DA:41,0
DA:45,0
DA:51,0
DA:57,0
DA:59,0
DA:65,0
DA:69,0
DA:75,0
DA:79,0
DA:81,0
DA:84,0
DA:88,0
LF:21
LH:0
end_of_record
SF:lib/features/contact_information/data/repositories/contact_information_repository_impl.dart
DA:11,0
DA:18,0
DA:23,0
DA:25,0
DA:26,0
DA:37,0
DA:41,0
DA:43,0
DA:44,0
DA:55,0
DA:61,0
DA:66,0
DA:67,0
DA:78,0
DA:84,0
DA:89,0
DA:90,0
LF:17
LH:0
end_of_record
SF:lib/features/demo/application/bloc/demo_bloc.dart
DA:11,0
DA:14,0
DA:15,0
DA:16,0
DA:17,0
DA:18,0
DA:19,0
DA:20,0
DA:25,0
DA:29,0
DA:30,0
DA:31,0
DA:36,0
DA:40,0
DA:41,0
DA:42,0
DA:47,0
DA:51,0
DA:52,0
DA:53,0
DA:58,0
DA:63,0
DA:64,0
DA:65,0
DA:71,0
DA:75,0
DA:76,0
DA:77,0
DA:78,0
DA:84,0
DA:89,0
DA:90,0
DA:91,0
LF:33
LH:0
end_of_record
SF:lib/features/demo/presentation/legacy_views/start_registration/application/bloc/start_registration/start_registration_bloc.dart
DA:12,0
DA:15,0
DA:16,0
DA:17,0
DA:18,0
DA:23,0
DA:27,0
DA:28,0
DA:29,0
DA:34,0
DA:39,0
DA:40,0
DA:41,0
DA:47,0
DA:51,0
DA:52,0
DA:57,0
DA:59,0
DA:60,0
DA:61,0
LF:20
LH:0
end_of_record
SF:lib/features/document_acceptance/application/bloc/document_acceptance_bloc.dart
DA:10,0
DA:11,0
DA:16,0
DA:20,0
DA:22,0
DA:23,0
DA:26,0
DA:28,0
DA:29,0
DA:30,0
DA:33,0
DA:34,0
DA:35,0
DA:39,0
DA:40,0
DA:42,0
DA:43,0
DA:48,0
DA:49,0
DA:50,0
DA:55,0
DA:56,0
DA:57,0
DA:59,0
DA:60,0
LF:25
LH:0
end_of_record
SF:lib/core/shared/network/response_manager.dart
DA:6,0
DA:13,0
DA:14,0
DA:18,0
DA:19,0
DA:23,0
DA:24,0
DA:25,0
DA:26,0
DA:31,0
DA:35,0
LF:11
LH:0
end_of_record
SF:lib/features/document_acceptance/data/datasources/acceptance_criteria_api.dart
DA:8,0
DA:14,0
DA:18,0
DA:19,0
DA:20,0
DA:22,0
DA:23,0
DA:24,0
DA:30,0
DA:34,0
DA:35,0
DA:37,0
DA:39,0
LF:13
LH:0
end_of_record
SF:lib/features/document_acceptance/data/repositories/acceptance_criteria_repository_impl.dart
DA:10,0
DA:16,0
DA:19,0
DA:20,0
DA:22,0
DA:23,0
DA:28,0
DA:33,0
DA:36,0
DA:38,0
LF:10
LH:0
end_of_record
SF:lib/features/faq/application/bloc/faq_bloc.dart
DA:11,1
DA:14,1
DA:15,2
DA:16,2
DA:21,1
DA:25,1
DA:26,3
DA:31,2
DA:33,1
DA:34,1
DA:35,1
DA:36,5
DA:39,1
DA:40,1
DA:41,3
DA:51,0
DA:55,0
DA:57,0
DA:58,0
DA:59,0
DA:60,0
DA:66,0
DA:67,0
DA:68,0
DA:69,0
DA:70,0
DA:72,0
DA:73,0
LF:28
LH:15
end_of_record
SF:lib/features/faq/data/datasources/faq_remoteconfig_datasource.dart
DA:9,1
DA:18,1
DA:23,3
DA:25,2
DA:27,2
DA:28,1
DA:29,1
DA:30,2
DA:31,2
LF:9
LH:9
end_of_record
SF:lib/features/faq/data/repositories/faq_repository_impl.dart
DA:8,1
DA:14,1
DA:17,2
DA:18,1
DA:20,2
LF:5
LH:5
end_of_record
SF:lib/features/language_selection/application/bloc/language_preference_bloc.dart
DA:14,1
DA:17,1
DA:18,2
DA:19,2
DA:20,2
DA:25,1
DA:29,1
DA:30,3
DA:31,1
DA:36,0
DA:40,0
DA:41,0
DA:47,1
DA:51,1
DA:52,3
DA:58,1
DA:59,1
DA:60,3
DA:63,2
DA:65,2
DA:66,1
DA:67,3
DA:68,1
DA:71,1
DA:72,1
DA:73,3
DA:79,1
DA:80,3
LF:28
LH:25
end_of_record
SF:lib/features/language_selection/data/datasources/language_preference_api_datasource.dart
DA:8,1
DA:14,1
DA:17,2
DA:19,1
DA:22,1
DA:25,0
LF:6
LH:5
end_of_record
SF:lib/features/language_selection/data/repositories/language_preference_repository_impl.dart
DA:10,1
DA:17,1
DA:21,2
DA:23,2
DA:24,1
LF:5
LH:5
end_of_record
SF:lib/features/legal_documents/application/bloc/legal_documents_bloc.dart
DA:12,0
DA:15,0
DA:16,0
DA:21,0
DA:25,0
DA:26,0
DA:28,0
DA:29,0
DA:30,0
DA:31,0
DA:36,0
DA:37,0
DA:38,0
LF:13
LH:0
end_of_record
SF:lib/features/legal_documents/data/datasources/legal_documents_remoteconfig_datasource.dart
DA:10,0
DA:19,0
DA:23,0
DA:27,0
DA:28,0
DA:29,0
DA:30,0
LF:7
LH:0
end_of_record
SF:lib/features/legal_documents/data/datasources/repositories/legal_documents_repository_impl.dart
DA:8,0
DA:14,0
DA:17,0
DA:19,0
DA:21,0
LF:5
LH:0
end_of_record
SF:lib/features/make_a_payment/_children/setup_payment/application/bloc/credit_card_payment/credit_card_payment_bloc.dart
DA:24,0
DA:27,0
DA:28,0
DA:29,0
DA:30,0
DA:35,0
DA:39,0
DA:40,0
DA:41,0
DA:42,0
DA:43,0
DA:45,0
DA:46,0
DA:47,0
DA:48,0
DA:49,0
DA:50,0
DA:51,0
DA:57,0
DA:59,0
DA:60,0
DA:61,0
DA:62,0
DA:66,0
DA:67,0
DA:70,0
DA:87,0
DA:89,0
DA:92,0
DA:93,0
DA:96,0
DA:97,0
DA:98,0
DA:99,0
DA:100,0
DA:101,0
DA:105,0
DA:106,0
DA:107,0
DA:116,0
DA:120,0
DA:121,0
DA:125,0
DA:129,0
DA:130,0
LF:45
LH:0
end_of_record
SF:lib/features/make_a_payment/_children/setup_payment/application/bloc/payment_settings/payment_settings_bloc.dart
DA:13,1
DA:16,1
DA:17,2
DA:22,1
DA:26,1
DA:28,1
DA:29,2
DA:31,1
DA:32,1
DA:33,1
DA:34,1
DA:37,1
DA:44,1
DA:45,0
DA:48,0
DA:49,0
DA:53,0
DA:55,0
DA:59,0
DA:61,0
DA:63,0
DA:68,0
DA:71,0
DA:72,0
DA:76,0
DA:78,0
DA:82,0
DA:84,0
DA:86,0
DA:91,1
DA:92,1
LF:31
LH:15
end_of_record
SF:lib/features/make_a_payment/_children/setup_payment/application/bloc/send_payment/send_payment_bloc.dart
DA:14,1
DA:17,1
DA:18,2
DA:23,1
DA:27,1
DA:29,2
DA:30,1
DA:31,1
DA:32,1
DA:33,1
DA:34,1
DA:35,1
DA:36,1
DA:37,1
DA:41,1
DA:42,1
DA:43,1
DA:44,1
DA:45,1
DA:46,1
DA:50,1
DA:51,1
DA:57,1
LF:23
LH:23
end_of_record
SF:lib/features/make_a_payment/application/bloc/make_a_payment_bloc.dart
DA:17,0
DA:21,0
DA:22,0
DA:27,0
DA:31,0
DA:33,0
DA:34,0
DA:42,0
DA:43,0
DA:44,0
DA:52,0
DA:53,0
DA:54,0
DA:55,0
DA:57,0
DA:58,0
DA:61,0
DA:64,0
DA:65,0
LF:19
LH:0
end_of_record
SF:lib/features/make_a_payment/application/bloc/make_a_payment_state.dart
DA:20,0
DA:21,0
DA:22,0
LF:3
LH:0
end_of_record
SF:lib/features/make_a_payment/application/bloc/make_a_payment_navigation_bloc.dart
DA:10,0
DA:11,0
DA:14,0
DA:18,0
DA:19,0
DA:20,0
LF:6
LH:0
end_of_record
SF:lib/features/make_a_payment/data/datasources/make_a_payment_api_datasource.dart
DA:12,0
DA:18,0
DA:22,0
DA:23,0
DA:24,0
DA:26,0
DA:27,0
DA:28,0
DA:29,0
DA:36,0
DA:40,0
DA:41,0
DA:43,0
DA:45,0
DA:49,0
DA:53,0
DA:54,0
DA:56,0
DA:58,0
DA:59,0
LF:20
LH:0
end_of_record
SF:lib/features/pay_by_text/application/bloc/pay_by_text/pay_by_text_bloc.dart
DA:21,0
DA:24,0
DA:25,0
DA:26,0
DA:27,0
DA:28,0
DA:29,0
DA:30,0
DA:31,0
DA:32,0
DA:33,0
DA:34,0
DA:35,0
DA:36,0
DA:37,0
DA:38,0
DA:39,0
DA:40,0
DA:41,0
DA:42,0
DA:43,0
DA:44,0
DA:45,0
DA:46,0
DA:47,0
DA:48,0
DA:49,0
DA:50,0
DA:51,0
DA:52,0
DA:53,0
DA:58,0
DA:62,0
DA:87,0
DA:89,0
DA:92,0
DA:96,0
DA:97,0
DA:98,0
DA:103,0
DA:107,0
DA:108,0
DA:109,0
DA:114,0
DA:119,0
DA:120,0
DA:121,0
DA:127,0
DA:131,0
DA:132,0
DA:133,0
DA:138,0
DA:142,0
DA:143,0
DA:144,0
DA:145,0
DA:151,0
DA:155,0
DA:156,0
DA:157,0
DA:162,0
DA:166,0
DA:167,0
DA:168,0
DA:169,0
DA:175,0
DA:179,0
DA:180,0
DA:182,0
DA:187,0
DA:192,0
DA:193,0
DA:194,0
DA:195,0
DA:201,0
DA:205,0
DA:206,0
DA:207,0
DA:212,0
DA:216,0
DA:217,0
DA:218,0
DA:219,0
DA:225,0
DA:229,0
DA:230,0
DA:231,0
DA:232,0
DA:237,0
DA:241,0
DA:242,0
DA:243,0
DA:248,0
DA:252,0
DA:253,0
DA:254,0
DA:259,0
DA:263,0
DA:264,0
DA:265,0
DA:266,0
DA:267,0
DA:273,0
DA:277,0
DA:278,0
DA:279,0
DA:280,0
DA:281,0
DA:282,0
DA:283,0
DA:284,0
DA:285,0
DA:287,0
DA:291,0
DA:295,0
DA:296,0
DA:297,0
DA:298,0
DA:299,0
DA:300,0
DA:301,0
DA:302,0
DA:303,0
DA:304,0
DA:305,0
DA:307,0
DA:311,0
DA:315,0
DA:316,0
DA:317,0
DA:318,0
DA:324,0
DA:325,0
DA:331,0
DA:335,0
DA:336,0
DA:342,0
DA:346,0
DA:347,0
DA:353,0
DA:357,0
DA:358,0
DA:359,0
DA:364,0
DA:368,0
DA:369,0
DA:370,0
DA:375,0
DA:379,0
DA:380,0
DA:384,0
DA:388,0
DA:401,0
DA:405,0
LF:154
LH:0
end_of_record
SF:lib/features/payment_account/application/bloc/property_payment_settings_bloc.dart
DA:13,0
DA:17,0
DA:18,0
DA:19,0
DA:20,0
DA:25,0
DA:30,0
DA:32,0
DA:33,0
DA:34,0
DA:35,0
DA:41,0
DA:43,0
DA:44,0
DA:45,0
DA:56,0
DA:60,0
DA:61,0
LF:18
LH:0
end_of_record
SF:lib/features/payment_account/common/error_parser.dart
DA:4,0
DA:5,0
DA:11,0
DA:12,0
DA:13,0
LF:5
LH:0
end_of_record
SF:lib/features/payment_account/data/datasources/payment_accounts_api_datasource.dart
DA:9,1
DA:15,1
DA:20,2
DA:21,1
DA:23,1
DA:24,1
DA:25,1
DA:28,0
DA:34,0
DA:37,0
DA:39,0
DA:42,0
DA:45,0
DA:51,0
DA:54,0
DA:56,0
DA:59,0
DA:62,0
DA:68,1
DA:73,2
DA:74,1
DA:77,1
DA:81,0
LF:23
LH:11
end_of_record
SF:lib/features/payment_account/data/datasources/property_payment_settings_api_datasource.dart
DA:7,0
DA:10,0
DA:11,0
LF:3
LH:0
end_of_record
SF:lib/features/payment_account/data/repositories/payment_accounts_repository_impl.dart
DA:16,2
DA:25,1
DA:31,2
DA:34,1
DA:36,1
DA:37,1
DA:42,2
DA:46,4
DA:48,2
DA:49,2
DA:50,0
DA:55,0
DA:56,0
DA:57,0
DA:58,0
DA:59,0
DA:62,0
DA:63,0
DA:64,0
DA:68,2
DA:69,2
DA:74,1
DA:78,2
DA:80,0
DA:81,1
DA:82,0
DA:87,0
DA:88,0
DA:89,0
DA:90,0
DA:91,0
DA:94,0
DA:95,0
DA:96,0
DA:100,1
DA:101,1
DA:106,0
DA:112,0
DA:115,0
DA:116,0
DA:117,0
DA:118,0
DA:119,0
DA:120,0
DA:121,0
DA:122,0
DA:123,0
DA:124,0
DA:127,0
DA:128,0
LF:50
LH:17
end_of_record
SF:lib/features/payment_account/data/repositories/property_payment_settings_repository_impl.dart
DA:9,0
DA:18,0
DA:22,0
DA:23,0
DA:25,0
DA:26,0
LF:6
LH:0
end_of_record
SF:lib/features/privacy_policy/application/bloc/privacy_policy_bloc.dart
DA:11,0
DA:14,0
DA:15,0
DA:20,0
DA:24,0
DA:25,0
DA:27,0
DA:28,0
DA:29,0
DA:30,0
DA:35,0
DA:36,0
DA:37,0
LF:13
LH:0
end_of_record
SF:lib/features/privacy_policy/data/datasources/privacy_policy_remoteconfig_datasource.dart
DA:11,0
DA:20,0
DA:24,0
DA:28,0
DA:29,0
DA:30,0
DA:31,0
DA:33,0
LF:8
LH:0
end_of_record
SF:lib/features/privacy_policy/data/datasources/repositories/privacy_policy_repository_impl.dart
DA:8,0
DA:14,0
DA:17,0
DA:19,0
DA:21,0
LF:5
LH:0
end_of_record
SF:lib/features/site/data/datasources/site_api_datasource.dart
DA:7,0
DA:13,0
DA:16,0
DA:17,0
DA:19,0
DA:20,0
DA:23,0
LF:7
LH:0
end_of_record
SF:lib/features/site/data/datasources/site_remoteconfig_datasource.dart
DA:9,0
DA:14,0
DA:17,0
DA:18,0
DA:19,0
DA:20,0
DA:22,0
LF:7
LH:0
end_of_record
SF:lib/features/site/data/repositories/site_repository_impl.dart
DA:8,0
DA:14,0
DA:19,0
DA:21,0
DA:23,0
LF:5
LH:0
end_of_record
SF:lib/features/summary/application/bloc/summary_bloc.dart
DA:13,0
DA:16,0
DA:17,0
DA:22,0
DA:26,0
DA:27,0
DA:28,0
DA:31,0
DA:33,0
DA:35,0
DA:36,0
DA:37,0
DA:38,0
DA:39,0
DA:44,0
DA:45,0
DA:46,0
DA:47,0
DA:48,0
DA:60,0
DA:61,0
DA:62,0
DA:63,0
DA:64,0
DA:69,0
DA:70,0
DA:71,0
DA:73,0
DA:74,0
DA:80,0
DA:81,0
DA:82,0
DA:84,0
DA:85,0
DA:86,0
DA:87,0
DA:90,0
LF:37
LH:0
end_of_record
SF:lib/features/terms_of_use/application/bloc/terms_of_use_bloc.dart
DA:11,0
DA:14,0
DA:15,0
DA:20,0
DA:24,0
DA:25,0
DA:27,0
DA:28,0
DA:29,0
DA:30,0
DA:35,0
DA:36,0
DA:37,0
LF:13
LH:0
end_of_record
SF:lib/features/terms_of_use/data/datasources/repositories/terms_of_use_repository_impl.dart
DA:8,0
DA:14,0
DA:17,0
DA:19,0
DA:21,0
LF:5
LH:0
end_of_record
SF:lib/features/terms_of_use/data/datasources/terms_of_use_remoteconfig_datasource.dart
DA:9,0
DA:18,0
DA:22,0
DA:26,0
DA:27,0
DA:28,0
DA:29,0
LF:7
LH:0
end_of_record
SF:lib/features/user/data/datasources/user_remoteconfig_datasource.dart
DA:8,0
DA:14,0
DA:17,0
DA:19,0
DA:20,0
DA:21,0
LF:6
LH:0
end_of_record
SF:lib/features/whitelabel/application/bloc/whitelabel_bloc.dart
DA:12,0
DA:15,0
DA:16,0
DA:17,0
DA:22,0
DA:26,0
DA:27,0
DA:28,0
DA:29,0
DA:30,0
DA:31,0
DA:32,0
DA:33,0
DA:39,0
DA:40,0
DA:45,0
DA:46,0
DA:47,0
DA:56,0
DA:60,0
DA:61,0
LF:21
LH:0
end_of_record
SF:lib/features/whitelabel/data/datasources/whitelabel_remoteconfig_datasource.dart
DA:8,0
DA:14,0
DA:17,0
DA:18,0
DA:19,0
DA:20,0
DA:23,0
DA:24,0
DA:32,0
DA:35,0
DA:36,0
DA:37,0
DA:38,0
DA:41,0
DA:42,0
LF:15
LH:0
end_of_record
SF:lib/features/whitelabel/data/repositories/whitelabel_repository_impl.dart
DA:8,0
DA:14,0
DA:21,0
DA:25,0
DA:28,0
DA:29,0
DA:32,0
DA:35,0
DA:37,0
DA:38,0
LF:10
LH:0
end_of_record
SF:lib/features/announcements/data/models/announcement_model.dart
DA:20,2
DA:21,2
LF:2
LH:2
end_of_record
SF:lib/features/announcements/data/models/announcement_model.g.dart
DA:9,2
DA:11,2
DA:12,2
DA:13,2
DA:14,2
DA:15,4
DA:16,2
DA:17,4
DA:18,4
DA:19,2
DA:22,0
DA:24,0
DA:25,0
DA:26,0
DA:27,0
DA:28,0
DA:29,0
DA:30,0
DA:31,0
DA:32,0
LF:20
LH:10
end_of_record
SF:lib/features/announcements/domain/entities/announcement.dart
DA:2,0
LF:1
LH:0
end_of_record
SF:lib/features/auth/sign_in/domain/entities/login_body.dart
DA:4,0
LF:1
LH:0
end_of_record
SF:lib/features/auth/sign_in/domain/entities/login_response.dart
DA:4,0
DA:20,0
DA:22,0
LF:3
LH:0
end_of_record
SF:lib/features/auth/sign_in/data/models/login_body_model.dart
DA:15,0
DA:16,0
LF:2
LH:0
end_of_record
SF:lib/features/auth/sign_in/data/models/login_body_model.g.dart
DA:9,0
DA:10,0
DA:11,0
DA:13,0
DA:14,0
DA:15,0
DA:18,0
DA:20,0
DA:21,0
DA:22,0
LF:10
LH:0
end_of_record
SF:lib/features/auth/sign_in/data/models/login_response_model.dart
DA:18,0
DA:19,0
LF:2
LH:0
end_of_record
SF:lib/features/auth/sign_in/data/models/login_response_model.g.dart
DA:9,0
DA:11,0
DA:12,0
DA:13,0
DA:14,0
DA:15,0
DA:16,0
DA:18,0
DA:19,0
DA:22,0
DA:24,0
DA:25,0
DA:26,0
DA:27,0
DA:28,0
DA:29,0
LF:16
LH:0
end_of_record
SF:lib/features/auth/sign_in/data/models/user_claim_model.dart
DA:17,0
DA:18,0
LF:2
LH:0
end_of_record
SF:lib/features/auth/sign_in/data/models/user_claim_model.g.dart
DA:9,0
DA:10,0
DA:11,0
DA:12,0
DA:13,0
DA:14,0
DA:15,0
DA:18,0
DA:20,0
DA:21,0
DA:22,0
DA:23,0
DA:24,0
DA:25,0
LF:14
LH:0
end_of_record
SF:lib/features/auth/sign_in/domain/entities/user_claim.dart
DA:2,0
LF:1
LH:0
end_of_record
SF:lib/features/autopay/data/models/autopay_update_settings_model.dart
DA:23,0
DA:24,0
LF:2
LH:0
end_of_record
SF:lib/features/autopay/data/models/autopay_update_settings_model.g.dart
DA:9,0
DA:11,0
DA:12,0
DA:13,0
DA:14,0
DA:15,0
DA:17,0
DA:18,0
DA:19,0
DA:20,0
DA:21,0
DA:22,0
DA:25,0
DA:27,0
DA:28,0
DA:29,0
DA:31,0
DA:32,0
DA:33,0
DA:34,0
DA:35,0
DA:36,0
DA:37,0
LF:23
LH:0
end_of_record
SF:lib/features/autopay/domain/entities/autopay_option.dart
DA:8,26
LF:1
LH:1
end_of_record
SF:lib/features/autopay/domain/entities/autopay_settings.dart
DA:14,0
DA:26,0
LF:2
LH:0
end_of_record
SF:lib/features/user/application/bloc/user_bloc.dart
DA:14,0
DA:21,0
DA:22,0
DA:23,0
DA:24,0
DA:25,0
DA:26,0
DA:28,0
DA:29,0
DA:30,0
DA:37,0
DA:41,0
DA:42,0
DA:43,0
DA:45,0
DA:46,0
DA:53,0
DA:57,0
DA:58,0
DA:59,0
DA:60,0
DA:61,0
DA:62,0
DA:63,0
DA:64,0
DA:65,0
DA:66,0
DA:68,0
DA:70,0
DA:72,0
DA:73,0
DA:74,0
DA:80,0
DA:84,0
DA:85,0
DA:86,0
DA:87,0
DA:88,0
DA:89,0
DA:90,0
DA:91,0
DA:92,0
DA:93,0
DA:95,0
DA:97,0
DA:99,0
DA:100,0
DA:101,0
DA:107,0
DA:111,0
DA:112,0
DA:113,0
DA:114,0
DA:115,0
DA:116,0
DA:117,0
DA:118,0
DA:119,0
DA:120,0
DA:121,0
DA:123,0
DA:124,0
DA:125,0
DA:126,0
DA:127,0
DA:128,0
DA:131,0
DA:138,0
DA:142,0
DA:143,0
DA:144,0
DA:145,0
DA:146,0
DA:147,0
DA:148,0
DA:149,0
DA:150,0
DA:151,0
DA:153,0
DA:155,0
DA:157,0
DA:158,0
DA:159,0
DA:160,0
DA:161,0
DA:162,0
DA:163,0
DA:164,0
DA:165,0
DA:166,0
DA:167,0
DA:168,0
DA:169,0
DA:170,0
DA:171,0
DA:172,0
DA:173,0
DA:174,0
DA:175,0
DA:176,0
DA:177,0
DA:178,0
DA:179,0
DA:180,0
DA:181,0
DA:183,0
DA:184,0
DA:186,0
DA:187,0
DA:188,0
DA:190,0
DA:196,0
DA:197,0
DA:200,0
DA:204,0
DA:206,0
DA:208,0
DA:209,0
DA:210,0
DA:211,0
DA:216,0
DA:222,0
DA:223,0
DA:232,0
DA:236,0
DA:237,0
LF:126
LH:0
end_of_record
SF:lib/features/autopay/data/models/autopay_settings_model.dart
DA:23,0
DA:24,0
LF:2
LH:0
end_of_record
SF:lib/features/autopay/data/models/autopay_settings_model.g.dart
DA:9,0
DA:11,0
DA:12,0
DA:13,0
DA:15,0
DA:16,0
DA:17,0
DA:18,0
DA:19,0
DA:20,0
DA:22,0
DA:23,0
DA:24,0
DA:27,0
DA:29,0
DA:30,0
DA:31,0
DA:32,0
DA:33,0
DA:34,0
DA:35,0
DA:36,0
DA:37,0
DA:38,0
LF:24
LH:0
end_of_record
SF:lib/features/autopay/data/models/autopay_option_model.dart
DA:16,0
DA:17,0
LF:2
LH:0
end_of_record
SF:lib/features/autopay/data/models/autopay_option_model.g.dart
DA:9,0
DA:11,0
DA:12,0
DA:14,0
DA:15,0
DA:16,0
DA:20,0
DA:22,0
DA:23,0
DA:24,0
DA:26,0
LF:11
LH:0
end_of_record
SF:lib/features/autopay/domain/entities/autopay_update_settings.dart
DA:14,0
DA:25,0
LF:2
LH:0
end_of_record
SF:lib/features/billing_settings/common/billing_settings_update_params.dart
DA:4,2
DA:18,1
DA:19,1
DA:20,1
DA:21,1
DA:22,1
DA:25,2
DA:26,0
DA:29,2
DA:30,0
LF:10
LH:8
end_of_record
SF:lib/features/bills_and_payments/domain/entities/billings.dart
DA:4,27
DA:18,26
LF:2
LH:2
end_of_record
SF:lib/features/bills_and_payments/domain/entities/payments.dart
DA:4,26
DA:27,26
DA:59,0
LF:3
LH:2
end_of_record
SF:lib/features/bills_and_payments/data/models/billings_model.dart
DA:13,1
DA:14,1
DA:25,1
DA:26,1
LF:4
LH:4
end_of_record
SF:lib/features/bills_and_payments/data/models/billings_model.g.dart
DA:9,1
DA:10,1
DA:11,1
DA:12,3
DA:13,1
DA:17,0
DA:18,0
DA:19,0
DA:22,1
DA:23,1
DA:24,1
DA:25,2
DA:26,2
DA:29,0
DA:30,0
DA:31,0
DA:32,0
DA:33,0
LF:18
LH:10
end_of_record
SF:lib/features/bills_and_payments/data/models/payments_model.dart
DA:13,0
DA:14,0
DA:34,0
DA:35,0
LF:4
LH:0
end_of_record
SF:lib/features/bills_and_payments/data/models/payments_model.g.dart
DA:9,0
DA:10,0
DA:11,0
DA:12,0
DA:13,0
DA:17,0
DA:18,0
DA:19,0
DA:22,0
DA:23,0
DA:24,0
DA:25,0
DA:26,0
DA:27,0
DA:28,0
DA:29,0
DA:30,0
DA:31,0
DA:33,0
DA:34,0
DA:36,0
DA:37,0
DA:40,0
DA:41,0
DA:42,0
DA:43,0
DA:44,0
DA:45,0
DA:46,0
DA:47,0
DA:48,0
DA:49,0
DA:50,0
DA:51,0
DA:52,0
DA:53,0
LF:36
LH:0
end_of_record
SF:lib/features/biometric_sign_in/data/datasources/auth_service.dart
DA:8,0
DA:11,0
DA:18,0
DA:19,0
DA:22,0
DA:24,0
DA:27,0
LF:7
LH:0
end_of_record
SF:lib/features/company_content/data/models/company_content_model.dart
DA:21,0
DA:22,0
LF:2
LH:0
end_of_record
SF:lib/features/company_content/data/models/company_content_model.g.dart
DA:9,0
DA:11,0
DA:12,0
DA:13,0
DA:15,0
DA:16,0
DA:19,0
DA:21,0
DA:22,0
DA:23,0
DA:24,0
LF:11
LH:0
end_of_record
SF:lib/features/company_content/domain/entities/company_content.dart
DA:4,0
LF:1
LH:0
end_of_record
SF:lib/features/contact_information/data/models/password_update_params_model.dart
DA:16,0
DA:17,0
LF:2
LH:0
end_of_record
SF:lib/features/contact_information/data/models/password_update_params_model.g.dart
DA:9,0
DA:11,0
DA:12,0
DA:13,0
DA:14,0
DA:17,0
DA:19,0
DA:20,0
DA:21,0
DA:22,0
LF:10
LH:0
end_of_record
SF:lib/features/contact_information/domain/entities/contact_information_update_params.dart
DA:4,0
DA:26,0
DA:27,0
DA:28,0
DA:29,0
DA:30,0
DA:31,0
DA:32,0
DA:33,0
DA:34,0
DA:35,0
LF:11
LH:0
end_of_record
SF:lib/features/contact_information/presentation/models/us_state.dart
DA:2,0
DA:10,0
DA:11,0
DA:12,0
DA:13,0
LF:5
LH:0
end_of_record
SF:lib/features/contact_information/domain/entities/password_update_params.dart
DA:2,26
LF:1
LH:1
end_of_record
SF:lib/features/document_acceptance/common/params/update_acceptance_criteria_params.dart
DA:2,0
DA:10,0
DA:11,0
DA:12,0
LF:4
LH:0
end_of_record
SF:lib/features/document_acceptance/domain/entities/acceptance_criteria_info.dart
DA:4,0
LF:1
LH:0
end_of_record
SF:lib/features/document_acceptance/data/models/acceptance_criteria_info_model.dart
DA:24,0
DA:27,0
LF:2
LH:0
end_of_record
SF:lib/features/document_acceptance/data/models/acceptance_criteria_info_model.g.dart
DA:9,0
DA:11,0
DA:12,0
DA:13,0
DA:15,0
DA:16,0
DA:18,0
DA:19,0
DA:20,0
DA:23,0
DA:25,0
DA:26,0
DA:27,0
DA:28,0
DA:29,0
DA:30,0
LF:16
LH:0
end_of_record
SF:lib/features/faq/domain/entities/faq_question.dart
DA:4,0
LF:1
LH:0
end_of_record
SF:lib/features/faq/data/models/faq_question_model.dart
DA:18,2
DA:19,2
DA:31,0
DA:32,0
DA:43,0
DA:44,0
DA:56,2
DA:57,2
LF:8
LH:4
end_of_record
SF:lib/features/faq/data/models/faq_question_model.g.dart
DA:9,2
DA:11,2
DA:12,2
DA:13,2
DA:14,2
DA:15,1
DA:16,2
DA:17,1
DA:21,0
DA:23,0
DA:24,0
DA:25,0
DA:26,0
DA:29,0
DA:31,0
DA:32,0
DA:33,0
DA:34,0
DA:35,0
DA:36,0
DA:37,0
DA:41,0
DA:43,0
DA:44,0
DA:45,0
DA:46,0
DA:49,0
DA:50,0
DA:51,0
DA:52,0
DA:53,0
DA:54,0
DA:55,0
DA:56,0
DA:60,0
DA:61,0
DA:62,0
DA:63,0
DA:64,0
DA:67,2
DA:69,2
DA:70,2
DA:71,2
DA:72,2
DA:73,2
DA:74,2
DA:75,4
DA:76,2
DA:80,0
DA:82,0
DA:83,0
DA:84,0
DA:85,0
DA:86,0
LF:54
LH:17
end_of_record
SF:lib/features/faq/domain/entities/faq_answer_item.dart
DA:2,0
LF:1
LH:0
end_of_record
SF:lib/features/faq/domain/entities/faq_list.dart
DA:4,0
DA:7,0
LF:2
LH:0
end_of_record
SF:lib/features/faq/domain/entities/faq_single_component.dart
DA:4,0
DA:7,0
LF:2
LH:0
end_of_record
SF:lib/features/language_selection/common/language_preference_update_params.dart
DA:2,3
DA:10,1
DA:11,1
DA:12,1
DA:13,1
LF:5
LH:5
end_of_record
SF:lib/features/make_a_payment/_children/setup_payment/domain/entities/request_intellipay_code.dart
DA:2,0
LF:1
LH:0
end_of_record
SF:lib/features/make_a_payment/common/request_intellipay_code_params.dart
DA:4,0
DA:24,0
DA:25,0
DA:26,0
DA:27,0
DA:28,0
DA:29,0
DA:30,0
DA:31,0
DA:32,0
DA:33,0
DA:35,0
LF:12
LH:0
end_of_record
SF:lib/features/make_a_payment/common/make_a_payment_request_params.dart
DA:4,2
DA:22,0
DA:23,0
DA:24,0
DA:25,0
DA:26,0
DA:27,0
DA:28,0
DA:29,0
LF:9
LH:1
end_of_record
SF:lib/features/make_a_payment/_children/setup_payment/data/models/property_payment_setting_model.dart
DA:38,1
DA:39,1
LF:2
LH:2
end_of_record
SF:lib/features/make_a_payment/_children/setup_payment/data/models/property_payment_setting_model.g.dart
DA:9,1
DA:11,1
DA:12,1
DA:13,1
DA:15,1
DA:16,1
DA:17,2
DA:19,1
DA:21,3
DA:22,1
DA:23,3
DA:26,0
DA:28,0
DA:29,0
DA:30,0
DA:32,0
DA:34,0
DA:35,0
DA:36,0
DA:37,0
DA:38,0
LF:21
LH:11
end_of_record
SF:lib/features/make_a_payment/_children/setup_payment/domain/entities/property_payment_setting.dart
DA:4,0
LF:1
LH:0
end_of_record
SF:lib/features/make_a_payment/_children/setup_payment/data/models/request_intellipay_code_model.dart
DA:16,0
DA:17,0
LF:2
LH:0
end_of_record
SF:lib/features/make_a_payment/_children/setup_payment/data/models/request_intellipay_code_model.g.dart
DA:9,0
DA:11,0
DA:13,0
DA:14,0
DA:15,0
DA:18,0
DA:20,0
DA:21,0
DA:22,0
DA:23,0
LF:10
LH:0
end_of_record
SF:lib/features/make_a_payment/domain/entities/payment_option.dart
DA:5,0
LF:1
LH:0
end_of_record
SF:lib/features/make_a_payment/common/make_a_payment_error_response.dart
DA:20,0
DA:21,0
LF:2
LH:0
end_of_record
SF:lib/features/make_a_payment/common/make_a_payment_error_response.g.dart
DA:9,0
DA:11,0
DA:13,0
DA:14,0
DA:15,0
DA:16,0
DA:21,0
DA:23,0
DA:24,0
DA:25,0
DA:26,0
LF:11
LH:0
end_of_record
SF:lib/features/payment_account/common/payment_account_create_params.dart
DA:6,4
DA:16,0
DA:17,0
DA:18,0
DA:19,0
DA:20,0
DA:21,0
DA:22,0
DA:23,0
DA:25,0
DA:26,0
DA:28,0
DA:29,0
DA:31,0
DA:32,0
LF:15
LH:1
end_of_record
SF:lib/features/payment_account/common/payment_account_update_params.dart
DA:6,2
DA:18,0
DA:19,0
DA:20,0
DA:21,0
DA:22,0
DA:23,0
DA:24,0
DA:25,0
DA:27,0
DA:28,0
DA:30,0
DA:31,0
DA:33,0
DA:34,0
DA:35,0
LF:16
LH:1
end_of_record
SF:lib/features/payment_account/domain/entities/payment_accounts.dart
DA:4,27
DA:37,53
DA:52,27
LF:3
LH:3
end_of_record
SF:lib/features/payment_account/enums/payment_account.dart
DA:21,0
DA:23,0
DA:24,0
DA:25,0
DA:26,0
DA:30,0
DA:32,0
DA:44,0
LF:8
LH:0
end_of_record
SF:lib/features/payment_account/domain/entities/property_payment_settings.dart
DA:2,26
LF:1
LH:1
end_of_record
SF:lib/features/payment_account/data/models/payment_accounts_model.dart
DA:21,2
DA:22,2
DA:33,2
DA:34,2
DA:45,2
DA:46,2
LF:6
LH:6
end_of_record
SF:lib/features/payment_account/data/models/payment_accounts_model.g.dart
DA:9,2
DA:11,2
DA:12,2
DA:13,2
DA:15,2
DA:16,2
DA:17,2
DA:19,2
DA:20,2
DA:21,2
DA:22,2
DA:23,2
DA:24,2
DA:26,2
DA:29,0
DA:31,0
DA:32,0
DA:33,0
DA:34,0
DA:35,0
DA:36,0
DA:37,0
DA:38,0
DA:39,0
DA:42,2
DA:44,2
DA:45,2
DA:47,2
DA:50,0
DA:52,0
DA:53,0
DA:55,0
DA:58,2
DA:60,2
DA:61,2
DA:62,2
DA:65,2
DA:68,0
DA:70,0
DA:71,0
DA:72,0
LF:41
LH:23
end_of_record
SF:lib/features/payment_account/data/dummy_data/property_payment_settings_dummy_data.dart
DA:1,0
LF:1
LH:0
end_of_record
SF:lib/features/payment_account/data/models/property_payment_settings_model.dart
DA:21,0
DA:22,0
LF:2
LH:0
end_of_record
SF:lib/features/payment_account/data/models/property_payment_settings_model.g.dart
DA:9,0
DA:11,0
DA:12,0
DA:13,0
DA:15,0
DA:16,0
DA:18,0
DA:19,0
DA:20,0
DA:21,0
DA:24,0
DA:26,0
DA:27,0
DA:28,0
DA:30,0
DA:31,0
DA:32,0
DA:33,0
DA:34,0
DA:35,0
LF:20
LH:0
end_of_record
SF:lib/features/user/data/models/user_model.dart
DA:28,0
DA:29,0
DA:50,0
DA:51,0
DA:74,0
DA:75,0
DA:87,0
DA:88,0
DA:106,0
DA:107,0
DA:117,0
DA:118,0
DA:132,0
DA:133,0
DA:153,0
DA:154,0
DA:166,0
DA:167,0
DA:185,0
DA:186,0
LF:20
LH:0
end_of_record
SF:lib/features/user/data/models/user_model.g.dart
DA:9,0
DA:10,0
DA:11,0
DA:12,0
DA:13,0
DA:14,0
DA:15,0
DA:16,0
DA:17,0
DA:19,0
DA:22,0
DA:24,0
DA:25,0
DA:27,0
DA:28,0
DA:29,0
DA:30,0
DA:31,0
DA:32,0
DA:36,0
DA:37,0
DA:38,0
DA:39,0
DA:40,0
DA:41,0
DA:42,0
DA:43,0
DA:44,0
DA:46,0
DA:48,0
DA:50,0
DA:51,0
DA:52,0
DA:60,0
DA:62,0
DA:63,0
DA:64,0
DA:65,0
DA:66,0
DA:67,0
DA:68,0
DA:69,0
DA:70,0
DA:71,0
DA:72,0
DA:74,0
DA:75,0
DA:76,0
DA:77,0
DA:79,0
DA:80,0
DA:81,0
DA:83,0
DA:84,0
DA:87,0
DA:89,0
DA:90,0
DA:91,0
DA:92,0
DA:93,0
DA:94,0
DA:95,0
DA:96,0
DA:97,0
DA:98,0
DA:99,0
DA:100,0
DA:101,0
DA:102,0
DA:105,0
DA:106,0
DA:107,0
DA:108,0
DA:109,0
DA:110,0
DA:111,0
DA:112,0
DA:113,0
DA:114,0
DA:115,0
DA:116,0
DA:117,0
DA:118,0
DA:119,0
DA:120,0
DA:121,0
DA:123,0
DA:124,0
DA:127,0
DA:128,0
DA:129,0
DA:130,0
DA:131,0
DA:132,0
DA:133,0
DA:134,0
DA:135,0
DA:136,0
DA:137,0
DA:138,0
DA:139,0
DA:140,0
DA:141,0
DA:142,0
DA:143,0
DA:146,0
DA:148,0
DA:149,0
DA:150,0
DA:152,0
DA:153,0
DA:156,0
DA:158,0
DA:159,0
DA:160,0
DA:161,0
DA:162,0
DA:165,0
DA:167,0
DA:168,0
DA:170,0
DA:171,0
DA:173,0
DA:175,0
DA:176,0
DA:177,0
DA:178,0
DA:179,0
DA:180,0
DA:182,0
DA:183,0
DA:185,0
DA:186,0
DA:189,0
DA:191,0
DA:192,0
DA:193,0
DA:194,0
DA:195,0
DA:196,0
DA:197,0
DA:198,0
DA:199,0
DA:200,0
DA:201,0
DA:204,0
DA:206,0
DA:207,0
DA:208,0
DA:211,0
DA:213,0
DA:214,0
DA:215,0
DA:218,0
DA:219,0
DA:220,0
DA:222,0
DA:223,0
DA:224,0
DA:225,0
DA:226,0
DA:228,0
DA:229,0
DA:232,0
DA:233,0
DA:234,0
DA:235,0
DA:236,0
DA:237,0
DA:238,0
DA:239,0
DA:242,0
DA:244,0
DA:245,0
DA:246,0
DA:247,0
DA:249,0
DA:250,0
DA:251,0
DA:252,0
DA:253,0
DA:254,0
DA:255,0
DA:256,0
DA:257,0
DA:258,0
DA:261,0
DA:263,0
DA:264,0
DA:265,0
DA:266,0
DA:267,0
DA:268,0
DA:269,0
DA:270,0
DA:271,0
DA:272,0
DA:273,0
DA:274,0
DA:277,0
DA:279,0
DA:280,0
DA:281,0
DA:282,0
DA:284,0
DA:287,0
DA:289,0
DA:290,0
DA:291,0
DA:292,0
DA:293,0
DA:296,0
DA:298,0
DA:299,0
DA:300,0
DA:301,0
DA:302,0
DA:303,0
DA:304,0
DA:305,0
DA:306,0
DA:307,0
DA:308,0
DA:311,0
DA:313,0
DA:314,0
DA:315,0
DA:316,0
DA:317,0
DA:318,0
DA:319,0
DA:320,0
DA:321,0
DA:322,0
DA:323,0
LF:235
LH:0
end_of_record
SF:lib/features/summary/domain/entities/summary_content.dart
DA:6,0
DA:16,26
DA:26,0
DA:27,0
DA:28,0
DA:29,0
DA:30,0
LF:7
LH:1
end_of_record
SF:lib/features/user/data/datasources/user_api_datasource.dart
DA:7,0
DA:13,0
DA:16,0
DA:17,0
DA:18,0
DA:21,0
LF:6
LH:0
end_of_record
SF:lib/features/user/data/repositories/user_repository_impl.dart
DA:8,0
DA:14,0
DA:17,0
DA:18,0
DA:20,0
DA:21,0
LF:6
LH:0
end_of_record
SF:lib/features/user/domain/entities/site.dart
DA:2,26
LF:1
LH:1
end_of_record
SF:lib/core/application/bloc/navigation_drawer/navigation_drawer_state.dart
LF:0
LH:0
end_of_record
SF:lib/core/application/bloc/navigation_drawer/navigation_drawer_event.dart
LF:0
LH:0
end_of_record
SF:lib/features/site/application/bloc/site_state.dart
LF:0
LH:0
end_of_record
SF:lib/features/site/application/bloc/site_event.dart
LF:0
LH:0
end_of_record
SF:lib/features/autopay/application/bloc/autopay_settings/autopay_settings_event.dart
LF:0
LH:0
end_of_record
SF:lib/features/autopay/application/bloc/autopay_settings/autopay_settings_state.dart
LF:0
LH:0
end_of_record
SF:lib/core/application/bloc/sign_in_dialog/sign_in_dialog_event.dart
LF:0
LH:0
end_of_record
SF:lib/core/application/bloc/sign_in_dialog/sign_in_dialog_state.dart
LF:0
LH:0
end_of_record
SF:lib/core/application/bloc/user_preferences/user_preferences_event.dart
LF:0
LH:0
end_of_record
SF:lib/features/auth/sign_in/application/bloc/sign_in_event.dart
LF:0
LH:0
end_of_record
SF:lib/features/auth/sign_in/application/bloc/sign_in_state.dart
LF:0
LH:0
end_of_record
SF:lib/core/presentation/themes/application/bloc/ma_colorpalette_state.dart
LF:0
LH:0
end_of_record
SF:lib/core/presentation/themes/application/bloc/ma_colorpalette_event.dart
LF:0
LH:0
end_of_record
SF:lib/core/presentation/themes/application/bloc/ma_theme_event.dart
LF:0
LH:0
end_of_record
SF:lib/core/presentation/themes/application/bloc/ma_theme_state.dart
LF:0
LH:0
end_of_record
SF:lib/core/presentation/widgets/forms/new_payment_account/bloc/new_payment_account_form_event.dart
LF:0
LH:0
end_of_record
SF:lib/core/presentation/widgets/forms/new_payment_account/bloc/new_payment_account_form_state.dart
LF:0
LH:0
end_of_record
SF:lib/features/payment_account/application/bloc/payment_accounts_event.dart
LF:0
LH:0
end_of_record
SF:lib/features/payment_account/application/bloc/payment_accounts_state.dart
LF:0
LH:0
end_of_record
SF:lib/features/announcements/application/bloc/announcements_state.dart
LF:0
LH:0
end_of_record
SF:lib/features/announcements/application/bloc/announcements_event.dart
LF:0
LH:0
end_of_record
SF:lib/features/auth/sign_in/application/bloc/sign_in_validations_state.dart
LF:0
LH:0
end_of_record
SF:lib/features/auth/sign_in/application/bloc/sign_in_validations_event.dart
LF:0
LH:0
end_of_record
SF:lib/features/autopay/application/bloc/autopay/autopay_state.dart
LF:0
LH:0
end_of_record
SF:lib/features/autopay/application/bloc/autopay/autopay_event.dart
LF:0
LH:0
end_of_record
SF:lib/features/billing_settings/application/bloc/bill_delivery_event.dart
LF:0
LH:0
end_of_record
SF:lib/features/bills_and_payments/application/bloc/billings_state.dart
LF:0
LH:0
end_of_record
SF:lib/features/bills_and_payments/application/bloc/billings_event.dart
LF:0
LH:0
end_of_record
SF:lib/features/bills_and_payments/application/bloc/payments_event.dart
LF:0
LH:0
end_of_record
SF:lib/features/bills_and_payments/application/bloc/payments_state.dart
LF:0
LH:0
end_of_record
SF:lib/features/biometric_sign_in/application/bloc/biometric_authentication_event.dart
LF:0
LH:0
end_of_record
SF:lib/features/biometric_sign_in/application/bloc/biometric_authentication_state.dart
LF:0
LH:0
end_of_record
SF:lib/features/company_content/application/bloc/company_content_event.dart
LF:0
LH:0
end_of_record
SF:lib/features/company_content/application/bloc/company_content_state.dart
LF:0
LH:0
end_of_record
SF:lib/features/contact_information/application/bloc/contact_information_edit/contact_information_edit_state.dart
LF:0
LH:0
end_of_record
SF:lib/features/contact_information/application/bloc/contact_information_edit/contact_information_edit_event.dart
LF:0
LH:0
end_of_record
SF:lib/features/demo/application/bloc/demo_state.dart
LF:0
LH:0
end_of_record
SF:lib/features/demo/application/bloc/demo_event.dart
LF:0
LH:0
end_of_record
SF:lib/features/demo/presentation/legacy_views/start_registration/application/bloc/start_registration/start_registration_state.dart
LF:0
LH:0
end_of_record
SF:lib/features/demo/presentation/legacy_views/start_registration/application/bloc/start_registration/start_registration_event.dart
LF:0
LH:0
end_of_record
SF:lib/features/faq/application/bloc/faq_event.dart
LF:0
LH:0
end_of_record
SF:lib/features/faq/application/bloc/faq_state.dart
LF:0
LH:0
end_of_record
SF:lib/features/language_selection/application/bloc/language_preference_state.dart
LF:0
LH:0
end_of_record
SF:lib/features/language_selection/application/bloc/language_preference_event.dart
LF:0
LH:0
end_of_record
SF:lib/features/legal_documents/application/bloc/legal_documents_state.dart
LF:0
LH:0
end_of_record
SF:lib/features/legal_documents/application/bloc/legal_documents_event.dart
LF:0
LH:0
end_of_record
SF:lib/features/make_a_payment/_children/setup_payment/application/bloc/credit_card_payment/credit_card_payment_event.dart
LF:0
LH:0
end_of_record
SF:lib/features/make_a_payment/_children/setup_payment/application/bloc/credit_card_payment/credit_card_payment_state.dart
LF:0
LH:0
end_of_record
SF:lib/features/make_a_payment/_children/setup_payment/application/bloc/payment_settings/payment_settings_state.dart
LF:0
LH:0
end_of_record
SF:lib/features/make_a_payment/_children/setup_payment/application/bloc/payment_settings/payment_settings_event.dart
LF:0
LH:0
end_of_record
SF:lib/features/make_a_payment/_children/setup_payment/application/bloc/send_payment/send_payment_state.dart
LF:0
LH:0
end_of_record
SF:lib/features/make_a_payment/_children/setup_payment/application/bloc/send_payment/send_payment_event.dart
LF:0
LH:0
end_of_record
SF:lib/features/make_a_payment/_children/setup_payment/application/bloc/setup_payment/setup_payment_state.dart
LF:0
LH:0
end_of_record
SF:lib/features/make_a_payment/_children/setup_payment/application/bloc/setup_payment/setup_payment_event.dart
LF:0
LH:0
end_of_record
SF:lib/features/make_a_payment/application/bloc/make_a_payment_event.dart
LF:0
LH:0
end_of_record
SF:lib/features/make_a_payment/application/bloc/make_a_payment_navigation_state.dart
LF:0
LH:0
end_of_record
SF:lib/features/make_a_payment/application/bloc/make_a_payment_navigation_event.dart
LF:0
LH:0
end_of_record
SF:lib/features/pay_by_text/application/bloc/pay_by_text/pay_by_text_state.dart
LF:0
LH:0
end_of_record
SF:lib/features/pay_by_text/application/bloc/pay_by_text/pay_by_text_event.dart
LF:0
LH:0
end_of_record
SF:lib/features/payment_account/application/bloc/property_payment_settings_state.dart
LF:0
LH:0
end_of_record
SF:lib/features/payment_account/application/bloc/property_payment_settings_event.dart
LF:0
LH:0
end_of_record
SF:lib/features/privacy_policy/application/bloc/privacy_policy_state.dart
LF:0
LH:0
end_of_record
SF:lib/features/privacy_policy/application/bloc/privacy_policy_event.dart
LF:0
LH:0
end_of_record
SF:lib/features/summary/application/bloc/summary_event.dart
LF:0
LH:0
end_of_record
SF:lib/features/summary/application/bloc/summary_state.dart
LF:0
LH:0
end_of_record
SF:lib/features/terms_of_use/application/bloc/terms_of_use_event.dart
LF:0
LH:0
end_of_record
SF:lib/features/terms_of_use/application/bloc/terms_of_use_state.dart
LF:0
LH:0
end_of_record
SF:lib/features/whitelabel/application/bloc/whitelabel_event.dart
LF:0
LH:0
end_of_record
SF:lib/features/whitelabel/application/bloc/whitelabel_state.dart
LF:0
LH:0
end_of_record
SF:lib/features/user/application/bloc/user_event.dart
LF:0
LH:0
end_of_record
SF:lib/features/user/application/bloc/user_state.dart
LF:0
LH:0
end_of_record
